<?xml version="1.0" encoding="utf-8"?>
<messages xmlns:xsi="http://www.w3.org/2001/XMLSchema-instance"  xsi:noNamespaceSchemaLocation="messagesCatalog.xsd" >
<!-- 
This file contains Arelle messages text.   Each message has a code 
that corresponds to the message code in the log file, level (severity), 
args (available through log file), and message replacement text.

(Messages with dynamically composed error codes or text content 
(such as ValidateXbrlDTS.py line 158 or lxml parser messages) 
are reported as "(dynamic)".)

-->

<message code="(dynamic)"
         level="error"
         module="FormulaEvaluator.py" line="216"
         args="variableSet error">
Variable set chained in scope of variable set %(variableset)s 
Exception: 
%(error)s
</message>

<message code="(dynamic)"
         level="error"
         module="FormulaEvaluator.py" line="554"
         args="xlinkLabel concept">
Formula %(xlinkLabel)s concept: %(concept)s
</message>

<message code="(dynamic)"
         level="error"
         module="FormulaEvaluator.py" line="571"
         args="xlinkLabel scheme">
Formula %(xlinkLabel)s entity identifier scheme: %(scheme)s
</message>

<message code="(dynamic)"
         level="error"
         module="FormulaEvaluator.py" line="578"
         args="xlinkLabel entityIdentifier">
Formula %(xlinkLabel)s entity identifier value: %(entityIdentifier)s
</message>

<message code="(dynamic)"
         level="error"
         module="FormulaEvaluator.py" line="587"
         args="xlinkLabel periodType">
Formula %(xlinkLabel)s period type: %(periodType)s
</message>

<message code="(dynamic)"
         level="error"
         module="FormulaEvaluator.py" line="593"
         args="xlinkLabel period">
Formula %(xlinkLabel)s period end: %(period)s
</message>

<message code="(dynamic)"
         level="error"
         module="FormulaEvaluator.py" line="599"
         args="xlinkLabel period">
Formula %(xlinkLabel)s period start: %(period)s
</message>

<message code="(dynamic)"
         level="error"
         module="FormulaEvaluator.py" line="604"
         args="xlinkLabel period">
Formula %(xlinkLabel)s period end: %(period)s
</message>

<message code="(dynamic)"
         level="error"
         module="FormulaEvaluator.py" line="613"
         args="xlinkLabel unit">
Formula %(xlinkLabel)s unit: %(unit)s
</message>

<message code="(dynamic)"
         level="error"
         module="FormulaEvaluator.py" line="62"
         args="">
info
</message>

<message code="(dynamic)"
         level="error"
         module="FormulaEvaluator.py" line="620"
         args="xlinkLabel unit">
Formula %(xlinkLabel)s unit: %(unit)s
</message>

<message code="(dynamic)"
         level="error"
         module="FormulaEvaluator.py" line="653"
         args="xlinkLabel dimension value">
Formula %(xlinkLabel)s dimension %(dimension)s: %(value)s
</message>

<message code="(dynamic)"
         level="error"
         module="FormulaEvaluator.py" line="74"
         args="xlinkLabel error">
Variable set %(xlinkLabel)s 
Exception: %(error)s
</message>

<message code="(dynamic)"
         level="error"
         module="ModelDocument.py" line="50"
         args="url blockedIndicator">
Prohibited file for filings %(blockedIndicator)s: %(url)s
</message>

<message code="(dynamic)"
         level="error"
         module="ModelDocument.py" line="567"
         args="namespace schemaLocation">
Namespace: %(namespace)s disallowed schemaLocation %(schemaLocation)s
</message>

<message code="(dynamic)"
         level="error"
         module="ModelDocument.py" line="646"
         args="namespace schemaLocation">
Namespace: %(namespace)s disallowed schemaLocation blocked %(schemaLocation)s
</message>

<message code="(dynamic)"
         level="error"
         module="ModelRenderingObject.py" line="161"
         args="element xlinkLabel error">
%(element)s set %(xlinkLabel)s 
Exception: %(error)s
</message>

<message code="(dynamic)"
         level="error"
         module="ModelXbrl.py" line="918"
         args="">
(dynamic)
</message>

<message code="(dynamic)"
         level="error"
         module="ValidateFilingText.py" line="486"
         args="fact contextID error">
Fact %(fact)s contextID %(contextID)s has text which causes the XML error %(error)s
</message>

<message code="(dynamic)"
         level="error"
         module="ValidateFormula.py" line="1058"
         args="xlinkLabel character text">
Message %(xlinkLabel)s: unbalanced %(character)s character(s) in: %(text)s
</message>

<message code="(dynamic)"
         level="error"
         module="ValidateFormula.py" line="137"
         args="name error errorSource">
%(name)s evaluation error: %(error)s 
%(errorSource)s
</message>

<message code="(dynamic)"
         level="error"
         module="ValidateFormula.py" line="256"
         args="name error">
Parameter 
%(name)s 
Exception: 
%(error)s
</message>

<message code="(dynamic)"
         level="error"
         module="ValidateFormula.py" line="712"
         args="variableSet error">
Variable set 
%(variableSet)s 
Exception: 
%(error)s
</message>

<message code="(dynamic)"
         level="error"
         module="ValidateFormula.py" line="902"
         args="xlinkLabel dimensionType dimension">
Formula %(xlinkLabel)s dimension attribute %(dimension)s on the %(dimensionType)s dimension rule contains a QName that does not identify an (dimensionType)s dimension.
</message>

<message code="(dynamic)"
         level="error"
         module="ValidateFormula.py" line="906"
         args="xlinkLabel dimensionType dimension">
Formula %(xlinkLabel)s %(dimension)s dimension rule does not have any child elements and does not have a SAV for the %(dimensionType)s dimension that is identified by its dimension attribute.
</message>

<message code="(dynamic)"
         level="error"
         module="ValidateFormula.py" line="973"
         args="xlinkLabel dimensionType dimension">
RuleAxis %(xlinkLabel)s dimension attribute %(dimension)s on the %(dimensionType)s dimension rule contains a QName that does not identify an (dimensionType)s dimension.
</message>

<message code="(dynamic)"
         level="error"
         module="ValidateHmrc.py" line="155"
         args="">
(dynamic)
</message>

<message code="(dynamic)"
         level="error"
         module="ValidateXbrl.py" line="135"
         args="linkrole xlinkLabelFrom xlinkLabelTo attribute">
Arc in extended link %(linkrole)s from %(xlinkLabelFrom)s to %(xlinkLabelTo)s attribute '%(attribute)s' has no matching loc or resource label
</message>

<message code="(dynamic)"
         level="error"
         module="ValidateXbrl.py" line="222"
         args="cycle path arcrole linkrole linkname arcname">
Relationships have a %(cycle)s cycle in arcrole %(arcrole)s 
link role %(linkrole)s 
link %(linkname)s, 
arc %(arcname)s, 
path %(path)s
</message>

<message code="(dynamic)"
         level="error"
         module="ValidateXbrl.py" line="245"
         args="weight source target linkrole sourceBalance targetBalance">
Calculation relationship has illegal weight %(weight)s from %(source)s, %(sourceBalance)s, to %(target)s, %(targetBalance)s, in link role %(linkrole)s (per 5.1.1.2 Table 6)
</message>

<message code="(dynamic)"
         level="error"
         module="ValidateXbrl.py" line="350"
         args="fact contextID decimals">
Fact %(fact)s context %(contextID)s decimals %(decimals)s is invalid
</message>

<message code="(dynamic)"
         level="error"
         module="ValidateXbrl.py" line="411"
         args="fact attribute">
Fact %(fact)s is a tuple and must not have attribute in this namespace %(attribute)s
</message>

<message code="(dynamic)"
         level="error"
         module="ValidateXbrl.py" line="678"
         args="contextID contextElement elementName">
Context %(contextID)s %(contextElement)s cannot have xbrli element %(elementName)s
</message>

<message code="(dynamic)"
         level="error"
         module="ValidateXbrl.py" line="684"
         args="contextID contextElement elementName">
Context %(contextID)s %(contextElement)s cannot have item or tuple element %(elementName)s
</message>

<message code="(dynamic)"
         level="error"
         module="ValidateXbrl.py" line="693"
         args="contextID contextElement">
Context %(contextID)s %(contextElement)s cannot be empty
</message>

<message code="(dynamic)"
         level="error"
         module="ValidateXbrlDTS.py" line="1043"
         args="xlinkFrom xlinkTo arcrole">
DefinitionArc from %(xlinkFrom)s to %(xlinkTo)s has unauthorized arcrole %(arcrole)s
</message>

<message code="(dynamic)"
         level="error"
         module="ValidateXbrlDTS.py" line="1110"
         args="element fileType prefix">
%(fileType)s element %(element)s must not have xmlns:%(prefix)s
</message>

<message code="(dynamic)"
         level="error"
         module="ValidateXbrlDTS.py" line="1125"
         args="value">
Documentation element must not be used: %(value)s
</message>

<message code="(dynamic)"
         level="error"
         module="ValidateXbrlDTS.py" line="1142"
         args="element attribute">
Linkbase element %(element)s must not have attribute %(attribute)s
</message>

<message code="(dynamic)"
         level="error"
         module="ValidateXbrlDTS.py" line="1149"
         args="element attribute">
Linkbase element %(element)s must not have attribute xlink:%(attribute)s
</message>

<message code="(dynamic)"
         level="error"
         module="ValidateXbrlDTS.py" line="1157"
         args="fileType value">
%(fileType)s must have only one comment node before schema element: &quot;%(value)s&quot;
</message>

<message code="(dynamic)"
         level="error"
         module="ValidateXbrlDTS.py" line="158"
         args="linkElement locHref">
%(linkElement)s loc href %(locHref)s must identify a concept or label
</message>

<message code="(dynamic)"
         level="error"
         module="ValidateXbrlDTS.py" line="223"
         args="docType xmlVersion">
%(docType)s xml version must be &quot;1.0&quot; but is &quot;%(xmlVersion)s&quot;
</message>

<message code="(dynamic)"
         level="error"
         module="ValidateXbrlDTS.py" line="228"
         args="docType xmlEncoding">
%(docType)s encoding must be &quot;utf-8&quot; but is &quot;%(xmlEncoding)s&quot;
</message>

<message code="(dynamic)"
         level="error"
         module="ValidateXbrlDTS.py" line="238"
         args="docType">
%(docType)s must have only one comment node before schema element
</message>

<message code="(dynamic)"
         level="error"
         module="ValidateXbrlDTS.py" line="242"
         args="docType">
%(docType)s must have comment node only on line 2
</message>

<message code="(dynamic)"
         level="error"
         module="ValidateXbrlDTS.py" line="250"
         args="docType declaration">
%(docType)s namespace declaration &quot;%(declaration)s&quot; is not used
</message>

<message code="(dynamic)"
         level="error"
         module="ValidateXbrlDTS.py" line="378"
         args="concept requirement attribute">
Schema element %(concept)s %(requirement)s contain attribute %(attribute)s
</message>

<message code="(dynamic)"
         level="error"
         module="ValidateXbrlDTS.py" line="401"
         args="concept requirement attribute">
Schema root element %(concept)s %(requirement)s contain attribute %(attribute)s
</message>

<message code="(dynamic)"
         level="error"
         module="ValidateXbrlDTS.py" line="512"
         args="element">
Schema file element must not be used &quot;%(element)s&quot;
</message>

<message code="(dynamic)"
         level="error"
         module="ValidateXbrlDTS.py" line="532"
         args="element">
%(element)s not child of xsd:appinfo
</message>

<message code="(dynamic)"
         level="error"
         module="ValidateXbrlDTS.py" line="538"
         args="element attribute">
%(element)s missing or invalid %(attribute)s
</message>

<message code="(dynamic)"
         level="error"
         module="ValidateXbrlDTS.py" line="542"
         args="element attribute roleURI">
Duplicate %(element)s %(attribute)s %(roleURI)s
</message>

<message code="(dynamic)"
         level="error"
         module="ValidateXbrlDTS.py" line="549"
         args="element roleURI otherSchema">
%(element)s %(roleURI)s not s-equal in %(otherSchema)s
</message>

<message code="(dynamic)"
         level="error"
         module="ValidateXbrlDTS.py" line="556"
         args="element roleURI value">
%(element)s %(roleURI)s invalid cyclesAllowed %(value)s
</message>

<message code="(dynamic)"
         level="error"
         module="ValidateXbrlDTS.py" line="584"
         args="element roleURI value">
%(element)s %(roleURI)s usedOn %(value)s on has s-equal duplicate
</message>

<message code="(dynamic)"
         level="error"
         module="ValidateXbrlDTS.py" line="638"
         args="element refURI">
%(element)s %(refURI)s missing
</message>

<message code="(dynamic)"
         level="error"
         module="ValidateXbrlDTS.py" line="642"
         args="element refURI">
%(element)s is duplicated for %(refURI)s
</message>

<message code="(dynamic)"
         level="error"
         module="ValidateXbrlDTS.py" line="646"
         args="element refURI">
%(element)s %(refURI)s is not defined
</message>

<message code="(dynamic)"
         level="error"
         module="ValidateXbrlDTS.py" line="661"
         args="refURI xlinkHref attribute">
Arcrole %(refURI)s arcroleRef %(xlinkHref)s must not have an %(attribute)s attribute
</message>

<message code="(dynamic)"
         level="error"
         module="ValidateXbrlDTS.py" line="668"
         args="refURI xlinkHref attribute">
Role %(refURI)s roleRef %(xlinkHref)s must not have an %(attribute)s attribute
</message>

<message code="(dynamic)"
         level="error"
         module="ValidateXbrlDTS.py" line="691"
         args="attribute">
Element %(element)shas empty %(attribute)s
</message>

<message code="(dynamic)"
         level="error"
         module="ValidateXbrlDTS.py" line="707"
         args="element attribute">
Element %(element)s missing: %(attribute)s
</message>

<message code="(dynamic)"
         level="error"
         module="ValidateXbrlDTS.py" line="776"
         args="xlinkRole element">
Generic link role %(xlinkRole)s missing usedOn for {2}
</message>

<message code="(dynamic)"
         level="error"
         module="ValidateXbrlDTS.py" line="838"
         args="element link">
Element %(element)s is a custom locator in a standard %(link)s
</message>

<message code="(dynamic)"
         level="error"
         module="ValidateXbrlDTS.py" line="851"
         args="element attribute">
Element %(element)s missing xlink:%(attribute)s
</message>

<message code="(dynamic)"
         level="error"
         module="ValidateXbrlDTS.py" line="865"
         args="element xlinkLabel lang">
Element %(element)s %(xlinkLabel)s has unauthorized xml:lang='%(lang)s'
</message>

<message code="(dynamic)"
         level="error"
         module="ValidateXbrlDimensions.py" line="273"
         args="contextID dimension value">
Context %(contextID)s %(dimension)s %(value)s is not an appropriate dimension item
</message>

<message code="(dynamic)"
         level="error"
         module="examples/plugin/validateSchemaLxml.py" line="93"
         args="modelDocument sourceLine">
(dynamic)
</message>

<message code="(dynamic)"
         level="error-semantic"
         module="ValidateFiling.py" line="1478"
         args="conceptSum linkrole reasonPresumedTotal itemConcepts missingConcepts contextIDs">
(dynamic)
</message>

<message code="(dynamic)"
         level="exception"
         module="ModelXbrl.py" line="923"
         args="">
(dynamic)
</message>

<message code="(dynamic)"
         level="info"
         module="FormulaConsisAsser.py" line="110"
         args="">
(dynamic)
</message>

<message code="(dynamic)"
         level="info"
         module="FormulaEvaluator.py" line="168"
         args="">
(dynamic)
</message>

<message code="(dynamic)"
         level="info"
         module="ModelXbrl.py" line="879"
         args="">
(dynamic)
</message>

<message code="(dynamic)"
         level="info"
         module="ValidateFormula.py" line="84"
         args="xlinkFrom xlinkTo element">
Relationship from %(xlinkFrom)s to %(xlinkTo)s should have an %(element)s source
</message>

<message code="(dynamic)"
         level="info"
         module="ValidateFormula.py" line="91"
         args="xlinkFrom xlinkTo element">
Relationship from %(xlinkFrom)s to %(xlinkTo)s should have an %(element)s target
</message>

<message code="(dynamic)"
         level="info"
         module="ValidateXbrlDTS.py" line="628"
         args="elementName">
Link:%(elementName)s not child of link:linkbase or xbrli:instance
</message>

<message code="(dynamic)"
         level="warning"
         module="ModelXbrl.py" line="884"
         args="">
(dynamic)
</message>

<message code="EFM.5.01.01"
         level="error"
         module="ValidateFilingDTS.py" line="67"
         args="filename">
Document file name %(filename)s must start with a-z or 0-9, contain lower case letters, ., -, _, and end with .xsd or .xml.
</message>

<message code="EFM.5.01.01.tooManyCharacters"
         level="error"
         module="ValidateFilingDTS.py" line="63"
         args="filename">
Document file name %(filename)s must not exceed 32 characters.
</message>

<message code="EFM.5.02.01.01"
         level="error"
         module="ValidateFilingText.py" line="403"
         args="modelDocument text file line column">
Disallowed character '%(text)s' in file %(file)s at line %(line)s col %(column)s
</message>

<message code="EFM.5.02.02.06"
         level="error"
         module="ValidateFilingText.py" line="399"
         args="modelDocument text file line column">
Disallowed entity code %(text)s in file %(file)s line %(line)s column %(column)s
</message>

<message code="EFM.6.03.03"
         level="error"
         module="ValidateFiling.py" line="102"
         args="filename">
Invalid instance document base name part (date) in &quot;{base}-{yyyymmdd}.xml&quot;: %(filename)s
</message>

<message code="EFM.6.03.03"
         level="error"
         module="ValidateFiling.py" line="106"
         args="filename">
Invalid instance document name, must match &quot;{base}-{yyyymmdd}.xml&quot;: %(filename)s
</message>

<message code="EFM.6.03.03"
         level="error"
         module="ValidateFiling.py" line="95"
         args="filename">
Invalid instance document base name part (ticker or mnemonic name) in &quot;{base}-{yyyymmdd}.xml&quot;: %(filename)s
</message>

<message code="EFM.6.03.03"
         level="error"
         module="ValidateFilingDTS.py" line="590"
         args="filename expectedFilename">
Invalid schema file name: %(filename)s, expected %(expectedFilename)s
</message>

<message code="EFM.6.03.03"
         level="error"
         module="ValidateFilingDTS.py" line="604"
         args="filename expectedFilename">
Invalid linkbase file name: %(filename)s, expected %(expectedFilename)s
</message>

<message code="EFM.6.03.06"
         level="error"
         module="ValidateXbrlDTS.py" line="89"
         args="elementHref">
Href %(elementHref)s may only have shorthand xpointers
</message>

<message code="EFM.6.03.11"
         level="error"
         module="ModelDocument.py" line="617"
         args="modelObejct attribute">
Prohibited base attribute: %(attribute)s
</message>

<message code="EFM.6.04.03"
         level="error"
         module="ValidateFiling.py" line="338"
         args="fact contextID">
Fact %(fact)s of context %(contextID)s has an XBRL error
</message>

<message code="EFM.6.05.01"
         level="error"
         module="ValidateFiling.py" line="123"
         args="scheme context identifier">
Invalid entity identifier scheme %(scheme)s in context %(context)s for identifier %(identifier)s
</message>

<message code="EFM.6.05.02"
         level="error"
         module="ValidateFiling.py" line="128"
         args="entityIdentifierName entityIdentifer">
Invalid entity identifier %(entityIdentifierName)s: %(entityIdentifer)s
</message>

<message code="EFM.6.05.03"
         level="error"
         module="ValidateFiling.py" line="137"
         args="entityIdentifierName entityIdentifer entityIdentifer2">
Multiple %(entityIdentifierName)ss: %(entityIdentifer)s, %(entityIdentifer2)s
</message>

<message code="EFM.6.05.04"
         level="error"
         module="ValidateFiling.py" line="183"
         args="elementName context">
%(elementName)s element not allowed in context Id: %(context)s
</message>

<message code="EFM.6.05.05"
         level="error"
         module="ValidateFiling.py" line="195"
         args="context content">
Segment of context Id %(context)s has disallowed content: %(content)s
</message>

<message code="EFM.6.05.07"
         level="error"
         module="ValidateFiling.py" line="155"
         args="context context2">
Context ID %(context)s is equivalent to context ID %(context2)s
</message>

<message code="EFM.6.05.08"
         level="error"
         module="ValidateFiling.py" line="372"
         args="modelXbrl contextIDs">
The instance document contained a context(s) %(contextIDs)s that was(are) not used in any fact.
</message>

<message code="EFM.6.05.09"
         level="error"
         module="ValidateFiling.py" line="413"
         args="contextID otherContexts documentType">
Context %(contextID)s endDate, and startDate(s) have a duration of one day, for context(s): and %(otherContexts)s; that is inconsistent with document type %(documentType)s.
</message>

<message code="EFM.6.05.10"
         level="error"
         module="ValidateFiling.py" line="425"
         args="contextID otherContexts documentType">
Context %(contextID)s startDate has a duration of one day,with end (instant) of context(s): %(otherContexts)s; that is inconsistent with document type %(documentType)s.
</message>

<message code="EFM.6.05.11"
         level="error"
         module="ValidateFiling.py" line="453"
         args="unitID unitID2">
Units %(unitID)s and %(unitID2)s are equivalent.
</message>

<message code="EFM.6.05.12"
         level="error"
         module="ValidateFiling.py" line="512"
         args="fact contextID contextID2">
Facts %(fact)s of context %(contextID)s and %(contextID2)s are equivalent.
</message>

<message code="EFM.6.05.14"
         level="error"
         module="ValidateFiling.py" line="529"
         args="fact contextID lang lang2">
Fact %(fact)s of context %(contextID)s has text of xml:lang '%(lang)s' without corresponding %(lang2)s text
</message>

<message code="EFM.6.05.15"
         level="error"
         module="ValidateFilingText.py" line="532"
         args="fact contextID error">
Fact %(fact)s contextID %(contextID)s has text which causes the XML error %(error)s
</message>

<message code="EFM.6.05.16"
         level="error"
         module="ValidateFilingText.py" line="461"
         args="fact contextID entity">
Fact %(fact)s contextID %(contextID)s has disallowed entity %(entity)s
</message>

<message code="EFM.6.05.16.activeContent"
         level="error"
         module="ValidateFilingText.py" line="496"
         args="fact contextID attribute element">
Fact %(fact)s of context %(contextID)s has javascript in '%(attribute)s' for &lt;%(element)s>
</message>

<message code="EFM.6.05.16.externalReference"
         level="error"
         module="ValidateFilingText.py" line="503"
         args="fact contextID attribute element">
Fact %(fact)s of context %(contextID)s has an invalid external reference in '%(attribute)s' for &lt;%(element)s>
</message>

<message code="EFM.6.05.16.graphicFileContent"
         level="error"
         module="ValidateFilingText.py" line="516"
         args="fact contextID attribute element">
Fact %(fact)s of context %(contextID)s references a graphics file which doesn't have expected content '%(attribute)s' for &lt;%(element)s>
</message>

<message code="EFM.6.05.16.graphicFileError"
         level="error"
         module="ValidateFilingText.py" line="521"
         args="fact contextID attribute element error">
Fact %(fact)s of context %(contextID)s references a graphics file which isn't openable '%(attribute)s' for &lt;%(element)s>, error: %(error)s
</message>

<message code="EFM.6.05.16.graphicFileType"
         level="error"
         module="ValidateFilingText.py" line="509"
         args="fact contextID attribute element">
Fact %(fact)s of context %(contextID)s references a graphics file which isn't .gif or .jpg '%(attribute)s' for &lt;%(element)s>
</message>

<message code="EFM.6.05.16.nestedTable"
         level="error"
         module="ValidateFilingText.py" line="526"
         args="fact contextID">
Fact %(fact)s of context %(contextID)s has nested &lt;table> elements.
</message>

<message code="EFM.6.05.17"
         level="error"
         module="ValidateFiling.py" line="347"
         args="fact contextID precision">
Numeric fact %(fact)s of context %(contextID)s has a precision attribute '%(precision)s'
</message>

<message code="EFM.6.05.19"
         level="error"
         module="ValidateFiling.py" line="443"
         args="documentType">
Required context (no segment) not found for document type %(documentType)s.
</message>

<message code="EFM.6.05.20"
         level="error"
         module="ValidateFiling.py" line="549"
         args="modelXbrl elementName">
%(elementName)s is not found in the default context
</message>

<message code="EFM.6.05.20"
         level="error"
         module="ValidateFiling.py" line="554"
         args="modelXbrl elementName">
%(elementName)s is required and was not found in the default context
</message>

<message code="EFM.6.05.20"
         level="error"
         module="ValidateFiling.py" line="560"
         args="modelXbrl elementName date">
%(elementName)s is in the default context is incorrect '%(date)s'
</message>

<message code="EFM.6.05.20"
         level="error"
         module="ValidateFiling.py" line="568"
         args="contextID">
AmendmentFlag is true in context %(contextID)s so AmendmentDescription is also required
</message>

<message code="EFM.6.05.20"
         level="error"
         module="ValidateFiling.py" line="578"
         args="modelXbrl">
DocumentType is required and was not found in the default context
</message>

<message code="EFM.6.05.20"
         level="error"
         module="ValidateFiling.py" line="590"
         args="contextID documentType">
DocumentType '%(documentType)s' of context %(contextID)s was not recognized
</message>

<message code="EFM.6.05.20"
         level="error"
         module="ValidateFiling.py" line="607"
         args="contextID documentType submissionType">
DocumentType '%(documentType)s' of context %(contextID)s inapplicable to submission form %(submissionType)s
</message>

<message code="EFM.6.05.20.extraneous"
         level="error"
         module="ValidateFiling.py" line="573"
         args="contextID">
AmendmentDescription can not be provided when AmendmentFlag is not true in context %(contextID)s
</message>

<message code="EFM.6.05.21"
         level="error"
         module="ValidateFiling.py" line="646"
         args="contextID documentType elementName">
dei:%(elementName)s is required for DocumentType '%(documentType)s' of context %(contextID)s
</message>

<message code="EFM.6.05.23"
         level="error"
         module="ValidateFiling.py" line="286"
         args="elementName value entityIdentifer">
dei:%(elementName)s %(value)s must match the context entity identifier %(entityIdentifer)s
</message>

<message code="EFM.6.05.23"
         level="error"
         module="ValidateFiling.py" line="291"
         args="elementName value filerIdentifer">
dei:%(elementName)s %(value)s must match submission: %(filerIdentifer)s
</message>

<message code="EFM.6.05.24"
         level="error"
         module="ValidateFiling.py" line="234"
         args="modelXbrl cikList cikNameList">
parameters for cikList and cikNameList different list entry counts: %(cikList)s, %(cikNameList)s
</message>

<message code="EFM.6.05.24"
         level="error"
         module="ValidateFiling.py" line="300"
         args="elementName prefix value">
dei:%(elementName)s %(prefix)s should be a case-insensitive prefix of: %(value)s
</message>

<message code="EFM.6.05.25"
         level="error"
         module="ValidateFiling.py" line="353"
         args="fact contextID">
Domain item %(fact)s in context %(contextID)s may not appear as a fact
</message>

<message code="EFM.6.05.26"
         level="error"
         module="ValidateFiling.py" line="655"
         args="contextID documentType">
dei:EntityCommonStockSharesOutstanding is required for DocumentType '%(documentType)s' but not in the default context because there are multiple classes of common shares
</message>

<message code="EFM.6.05.26"
         level="error"
         module="ValidateFiling.py" line="659"
         args="documentType">
dei:EntityCommonStockSharesOutstanding is required for DocumentType '%(documentType)s' but but a default-context because only one class of stock
</message>

<message code="EFM.6.05.26"
         level="error"
         module="ValidateFiling.py" line="664"
         args="documentType stockClasses">
dei:EntityCommonStockSharesOutstanding is required for DocumentType '%(documentType)s' but missing in these stock classes: %(stockClasses)s
</message>

<message code="EFM.6.05.26"
         level="error"
         module="ValidateFiling.py" line="669"
         args="documentType stockClasse">
dei:EntityCommonStockSharesOutstanding is required for DocumentType '%(documentType)s' but only one per stock class %(stockClass)s
</message>

<message code="EFM.6.05.26"
         level="error"
         module="ValidateFiling.py" line="679"
         args="documentType">
dei:EntityCommonStockSharesOutstanding is required for DocumentType '%(documentType)s' but missing for a non-default-context fact
</message>

<message code="EFM.6.05.26"
         level="error"
         module="ValidateFiling.py" line="683"
         args="documentType">
dei:EntityCommonStockSharesOutstanding is required for DocumentType '%(documentType)s' in the default context because there are not multiple classes of common shares
</message>

<message code="EFM.6.05.27"
         level="error"
         module="ValidateFiling.py" line="723"
         args="footnoteLinkNumber elementName">
FootnoteLink %(footnoteLinkNumber)s has disallowed child element %(elementName)s
</message>

<message code="EFM.6.05.28"
         level="error"
         module="ValidateFiling.py" line="706"
         args="footnoteLinkNumber linkrole">
FootnoteLink %(footnoteLinkNumber)s has disallowed role %(linkrole)s
</message>

<message code="EFM.6.05.28"
         level="error"
         module="ValidateFiling.py" line="753"
         args="xlinkLabel">
Footnote %(xlinkLabel)s is missing a role
</message>

<message code="EFM.6.05.28"
         level="error"
         module="ValidateFiling.py" line="758"
         args="xlinkLabel role">
Footnote %(xlinkLabel)s has disallowed role %(role)s
</message>

<message code="EFM.6.05.29"
         level="error"
         module="ValidateFiling.py" line="731"
         args="footnoteLinkNumber locNumber role">
FootnoteLink %(footnoteLinkNumber)s loc %(locNumber)s has disallowed role %(role)s
</message>

<message code="EFM.6.05.30"
         level="error"
         module="ValidateFiling.py" line="747"
         args="footnoteLinkNumber arcNumber arcrole">
FootnoteLink %(footnoteLinkNumber)s arc %(arcNumber)s has disallowed arcrole %(arcrole)s
</message>

<message code="EFM.6.05.32"
         level="error"
         module="ValidateFiling.py" line="737"
         args="footnoteLinkNumber locNumber locHref">
FootnoteLink %(footnoteLinkNumber)s loc %(locNumber)s has disallowed href %(locHref)s
</message>

<message code="EFM.6.05.33"
         level="error"
         module="ValidateFiling.py" line="773"
         args="footnoteLinkNumber xlinkLabel">
FootnoteLink %(footnoteLinkNumber)s footnote %(xlinkLabel)s has no linked fact
</message>

<message code="EFM.6.05.34"
         level="error"
         module="ValidateFilingText.py" line="601"
         args="xlinkLabel error">
Footnote %(xlinkLabel)s causes the XML error %(error)s
</message>

<message code="EFM.6.05.34.activeContent"
         level="error"
         module="ValidateFilingText.py" line="565"
         args="xlinkLabel attribute element">
Footnote %(xlinkLabel)s has javascript in '%(attribute)s' for &lt;%(element)s>
</message>

<message code="EFM.6.05.34.dtdError"
         level="error"
         module="ValidateFilingText.py" line="555"
         args="xlinkLabel error">
Footnote %(xlinkLabel)s causes the XML error %(error)s
</message>

<message code="EFM.6.05.34.externalReference"
         level="error"
         module="ValidateFilingText.py" line="572"
         args="xlinkLabel attribute element value">
Footnote %(xlinkLabel)s has an invalid external reference in '%(attribute)s' for &lt;%(element)s>: %(value)s
</message>

<message code="EFM.6.05.34.graphicFileContent"
         level="error"
         module="ValidateFilingText.py" line="585"
         args="xlinkLabel attribute element">
Footnote %(xlinkLabel)s references a graphics file which doesn't have expected content '%(attribute)s' for &lt;%(element)s>
</message>

<message code="EFM.6.05.34.graphicFileError"
         level="error"
         module="ValidateFilingText.py" line="590"
         args="xlinkLabel attribute element error">
Footnote %(xlinkLabel)s references a graphics file which isn't openable '%(attribute)s' for &lt;%(element)s>, error: %(error)s
</message>

<message code="EFM.6.05.34.graphicFileType"
         level="error"
         module="ValidateFilingText.py" line="578"
         args="xlinkLabel attribute element">
Footnote %(xlinkLabel)s references a graphics file which isn't .gif or .jpg '%(attribute)s' for &lt;%(element)s>
</message>

<message code="EFM.6.05.34.nestedTable"
         level="error"
         module="ValidateFilingText.py" line="595"
         args="xlinkLabel">
Footnote %(xlinkLabel)s has nested &lt;table> elements.
</message>

<message code="EFM.6.05.36"
         level="error"
         module="ValidateFiling.py" line="463"
         args="measure length">
Unit has a measure  with localName length (%(length)s) over 200 bytes long in utf-8, %(measure)s.
</message>

<message code="EFM.6.07.01"
         level="error"
         module="ValidateFilingDTS.py" line="49"
         args="schema include">
Taxonomy schema %(schema)s includes %(include)s, only import is allowed
</message>

<message code="EFM.6.07.03"
         level="error"
         module="ValidateFilingDTS.py" line="95"
         args="schema targetNamespace">
Taxonomy schema %(schema)s namespace %(targetNamespace)s is a disallowed authority
</message>

<message code="EFM.6.07.04"
         level="error"
         module="ValidateFilingDTS.py" line="118"
         args="schema targetNamespace">
Taxonomy schema %(schema)s namespace %(targetNamespace)s must have format http://{authority}/{versionDate}
</message>

<message code="EFM.6.07.05"
         level="error"
         module="ValidateFilingDTS.py" line="131"
         args="schema targetNamespace">
Taxonomy schema %(schema)s namespace %(targetNamespace)s must be a valid URL with a valid authority for the namespace.
</message>

<message code="EFM.6.07.06"
         level="info"
         module="ValidateFilingDTS.py" line="122"
         args="schema targetNamespace docNameDate">
Warning: Taxonomy schema %(schema)s namespace %(targetNamespace)s has date later than document name date %(docNameDate)s
</message>

<message code="EFM.6.07.07"
         level="error"
         module="ValidateFilingDTS.py" line="136"
         args="schema targetNamespace">
Taxonomy schema %(schema)s namespace %(targetNamespace)s missing prefix for the namespace.
</message>

<message code="EFM.6.07.07"
         level="error"
         module="ValidateFilingDTS.py" line="140"
         args="schema targetNamespace prefix">
Taxonomy schema %(schema)s namespace %(targetNamespace)s prefix %(prefix)s must not have an '_'
</message>

<message code="EFM.6.07.08"
         level="error"
         module="ValidateFilingDTS.py" line="402"
         args="schema">
Taxonomy schema %(schema)s contains an embedded linkbase
</message>

<message code="EFM.6.07.09"
         level="error"
         module="ValidateFilingDTS.py" line="422"
         args="roleType targetNamespaceAuthority">
RoleType %(roleType)s does not match authority %(targetNamespaceAuthority)s
</message>

<message code="EFM.6.07.09"
         level="warning"
         module="ValidateFilingDTS.py" line="427"
         args="roleType">
RoleType %(roleType)s should end with /role/{LC3name}
</message>

<message code="EFM.6.07.10"
         level="error"
         module="ValidateFilingDTS.py" line="438"
         args="roleType">
RoleType %(roleType)s is defined in multiple taxonomies
</message>

<message code="EFM.6.07.11"
         level="error"
         module="ValidateFilingDTS.py" line="444"
         args="roleType usedOn">
RoleType %(roleType)s missing used on %(usedOn)s
</message>

<message code="EFM.6.07.12"
         level="error"
         module="ValidateFilingDTS.py" line="451"
         args="roleType definition">
RoleType %(roleType)s definition &quot;%(definition)s&quot; must match {Sortcode} - {Type} - {Title}
</message>

<message code="EFM.6.07.13"
         level="error"
         module="ValidateFilingDTS.py" line="482"
         args="arcroleType targetNamespaceAuthority">
ArcroleType %(arcroleType)s does not match authority %(targetNamespaceAuthority)s
</message>

<message code="EFM.6.07.13"
         level="warning"
         module="ValidateFilingDTS.py" line="487"
         args="arcroleType">
ArcroleType %(arcroleType)s should end with /arcrole/{LC3name}
</message>

<message code="EFM.6.07.14"
         level="error"
         module="ValidateFilingDTS.py" line="494"
         args="arcroleType">
ArcroleType %(arcroleType)s is defined in multiple taxonomies
</message>

<message code="EFM.6.07.15"
         level="error"
         module="ValidateFilingDTS.py" line="501"
         args="arcroleType">
ArcroleType %(arcroleType)s definition must be non-empty
</message>

<message code="EFM.6.07.16"
         level="error"
         module="ValidateFilingDTS.py" line="158"
         args="concept standardSchema">
Concept %(concept)s is also defined in standard taxonomy schema schema %(standardSchema)s
</message>

<message code="EFM.6.07.17"
         level="error"
         module="ValidateFilingDTS.py" line="180"
         args="concept id requiredId">
Concept %(concept)s id %(id)s should be $(requiredId)s
</message>

<message code="EFM.6.07.18"
         level="error"
         module="ValidateFilingDTS.py" line="187"
         args="schema concept nillable">
Taxonomy schema %(schema)s element %(concept)s nillable %(nillable)s should be 'true'
</message>

<message code="EFM.6.07.19"
         level="error"
         module="ValidateFilingDTS.py" line="195"
         args="concept">
Concept %(concept)s is a tuple
</message>

<message code="EFM.6.07.20"
         level="error"
         module="ValidateFilingDTS.py" line="201"
         args="concept typedDomainRef">
Concept %(concept)s has typedDomainRef %(typedDomainRef)s
</message>

<message code="EFM.6.07.21"
         level="error"
         module="ValidateFilingDTS.py" line="209"
         args="schema concept">
Taxonomy schema %(schema)s element %(concept)s is abstract but period type is not duration
</message>

<message code="EFM.6.07.23"
         level="error"
         module="ValidateFilingDTS.py" line="223"
         args="concept">
Concept %(concept)s must end in Axis to be in xbrldt:dimensionItem substitution group
</message>

<message code="EFM.6.07.24"
         level="error"
         module="ValidateFilingDTS.py" line="229"
         args="schema concept">
Concept %(concept)s must end in Table to be in xbrldt:hypercubeItem substitution group
</message>

<message code="EFM.6.07.25"
         level="error"
         module="ValidateFilingDTS.py" line="238"
         args="concept substitutionGroup">
Concept %(concept)s has disallowed substitution group %(substitutionGroup)s
</message>

<message code="EFM.6.07.26"
         level="error"
         module="ValidateFilingDTS.py" line="245"
         args="concept">
Concept %(concept)s is a LineItems but not abstract
</message>

<message code="EFM.6.07.27"
         level="error"
         module="ValidateFilingDTS.py" line="254"
         args="concept">
Concept %(concept)s must end with Domain or Member for type of domainItemType
</message>

<message code="EFM.6.07.28"
         level="error"
         module="ValidateFilingDTS.py" line="260"
         args="concept">
Concept %(concept)s is a domainItemType and must be periodType duration
</message>

<message code="EFM.6.07.29"
         level="error"
         module="ValidateXbrlDTS.py" line="504"
         args="element name length">
Schema %(element)s has a name length (%(length)s) over 200 bytes long in utf-8, %(name)s.
</message>

<message code="EFM.6.07.30"
         level="error"
         module="ValidateXbrlDTS.py" line="348"
         args="length targetNamespace">
Schema targetNamespace length (%(length)s) is over 255 bytes long in utf-8 %(targetNamespace)s
</message>

<message code="EFM.6.07.30"
         level="error"
         module="ValidateXbrlDTS.py" line="573"
         args="element attribute length roleURI">
Schema %(element)s %(attribute)s length (%(length)s) is over 255 bytes long in utf-8 %(roleURI)s
</message>

<message code="EFM.6.08.03"
         level="error-semantic"
         module="ValidateFilingDTS.py" line="456"
         args="roleuri qnames">
RoleType %(roleuri)s is defined using role types already defined by standard roles for: %(qnames)s
</message>

<message code="EFM.6.08.03"
         level="error-semantic"
         module="ValidateFilingDTS.py" line="508"
         args="arcroleuri qnames">
ArcroleType %(arcroleuri)s is defined using role types already defined by standard arcroles for: %(qnames)s
</message>

<message code="EFM.6.08.05.LC3"
         level="warning-semantic"
         module="ValidateFilingDTS.py" line="286"
         args="concept lc3name">
Concept %(concept)s should match expected LC3 composition %(lc3name)s
</message>

<message code="EFM.6.08.05.disallowedCharacter"
         level="error-semantic"
         module="ValidateFilingDTS.py" line="270"
         args="concept">
Concept %(concept)s has disallowed name character
</message>

<message code="EFM.6.08.05.firstLetter"
         level="error-semantic"
         module="ValidateFilingDTS.py" line="266"
         args="concept">
Concept %(concept)s name must start with a capital letter
</message>

<message code="EFM.6.08.05.nameLength"
         level="error-semantic"
         module="ValidateFilingDTS.py" line="274"
         args="concept namelength">
Concept %(concept)s name length %(namelength)s exceeds 200 characters
</message>

<message code="EFM.6.08.06"
         level="warning-semantic"
         module="ValidateFilingDTS.py" line="295"
         args="concept matches">
Concept %(concept)s should not contain company or period information, found: %(matches)s
</message>

<message code="EFM.6.08.11"
         level="error-semantic"
         module="ValidateFilingDTS.py" line="306"
         args="concept">
Concept %(concept)s must have a balance because it appears in a statement of income or balance sheet
</message>

<message code="EFM.6.08.16"
         level="error-semantic"
         module="ValidateFilingDTS.py" line="321"
         args="concept">
Concept %(concept)s of type xbrli:dateItemType must have periodType duration
</message>

<message code="EFM.6.08.17"
         level="error-semantic"
         module="ValidateFilingDTS.py" line="327"
         args="concept">
Concept %(concept)s of type xbrli:stringItemType must have periodType duration
</message>

<message code="EFM.6.09.03"
         level="error"
         module="ValidateFiling.py" line="953"
         args="arc linkrole arcrole conceptFrom conceptTo ineffectivity">
Ineffective arc %(arc)s in 
link role %(linkrole)s 
arcrole %(arcrole)s 
from %(conceptFrom)s 
to %(conceptTo)s 
%(ineffectivity)s
</message>

<message code="EFM.6.09.04"
         level="error"
         module="ValidateXbrlDTS.py" line="929"
         args="element">
%(element)s is missing an xlink:role
</message>

<message code="EFM.6.09.04"
         level="error"
         module="ValidateXbrlDTS.py" line="946"
         args="element">
%(element)s is missing an xlink:role
</message>

<message code="EFM.6.09.05"
         level="error"
         module="ValidateXbrlDTS.py" line="953"
         args="xlinkLabel role">
Resource %(xlinkLabel)s role %(role)s is not a standard taxonomy role
</message>

<message code="EFM.6.09.06"
         level="error"
         module="ValidateXbrlDTS.py" line="655"
         args="refURI xlinkHref">
Arcrole %(refURI)s arcroleRef %(xlinkHref)s must be a standard taxonomy
</message>

<message code="EFM.6.09.07"
         level="error"
         module="ValidateXbrlDTS.py" line="936"
         args="element element2">
Extended element %(element)s must be the same as %(element2)s
</message>

<message code="EFM.6.09.09"
         level="error"
         module="ValidateXbrlDTS.py" line="1000"
         args="xlinkFrom xlinkTo priority">
Arc from %(xlinkFrom)s to %(xlinkTo)s priority %(priority)s is not an integer
</message>

<message code="EFM.6.09.09"
         level="error"
         module="ValidateXbrlDTS.py" line="993"
         args="xlinkFrom xlinkTo priority">
Arc from %(xlinkFrom)s to %(xlinkTo)s priority %(priority)s must be less than 10
</message>

<message code="EFM.6.10.01"
         level="error"
         module="ValidateFiling.py" line="1325"
         args="concept lang">
Concept %(concept)s is missing an %(lang)s standard label.
</message>

<message code="EFM.6.10.01"
         level="error"
         module="ValidateFiling.py" line="536"
         args="modelXbrl">
A label linkbase is required but was not found
</message>

<message code="EFM.6.10.02"
         level="error"
         module="ValidateFiling.py" line="1306"
         args="concept role lang">
Concept %(concept)s has duplicated labels for role %(role)s lang %(lang)s.
</message>

<message code="EFM.6.10.03"
         level="error"
         module="ValidateFiling.py" line="1338"
         args="concept lang role">
Concept %(concept)s is missing an %(lang)s label for role %(role)s.
</message>

<message code="EFM.6.10.04"
         level="error"
         module="ValidateFiling.py" line="805"
         args="concept concept2 lang text">
Same labels for concepts %(concept)s and %(concept2)s for %(lang)s standard role: %(text)s.
</message>

<message code="EFM.6.10.05"
         level="error"
         module="ValidateFiling.py" line="798"
         args="concept text">
Concept %(concept)s of a standard taxonomy cannot have a documentation label: %(text)s
</message>

<message code="EFM.6.10.06"
         level="error"
         module="ValidateFiling.py" line="815"
         args="concept role length text">
Label for concept %(concept)s role %(role)s length %(length)s must be shorter than 511 characters: %(text)s
</message>

<message code="EFM.6.10.06"
         level="error"
         module="ValidateFiling.py" line="820"
         args="concept role text">
Label for concept %(concept)s role %(role)s has disallowed characters: &quot;%(text)s&quot;
</message>

<message code="EFM.6.10.08"
         level="error"
         module="ValidateFiling.py" line="827"
         args="concept role lang text">
Label for concept %(concept)s role %(role)s lang %(lang)s is not trimmed: %(text)s
</message>

<message code="EFM.6.11.05"
         level="error-semantic"
         module="ValidateFilingDTS.py" line="315"
         args="concept">
Concept %(concept)s is monetary without a balance and must have a documentation label that disambiguates its sign
</message>

<message code="EFM.6.12.01"
         level="error"
         module="ValidateXbrlDTS.py" line="1008"
         args="xlinkFrom xlinkTo">
PresentationArc from %(xlinkFrom)s to %(xlinkTo)s must have an order
</message>

<message code="EFM.6.12.02"
         level="error"
         module="ValidateFiling.py" line="1005"
         args="conceptFrom order linkrole conceptTo conceptTo2">
Duplicate presentation relations from concept %(conceptFrom)s for order %(order)s in base set role %(linkrole)s to concept %(conceptTo)s and to concept %(conceptTo2)s
</message>

<message code="EFM.6.12.03"
         level="error"
         module="ValidateFiling.py" line="1156"
         args="concept">
Concept %(concept)s does not participate in an effective presentation relationship
</message>

<message code="EFM.6.12.04"
         level="error"
         module="ValidateFiling.py" line="1182"
         args="concept lang preferredLabel">
Concept %(concept)s missing %(lang)s preferred labels for role %(preferredLabel)s
</message>

<message code="EFM.6.12.05"
         level="error"
         module="ValidateFiling.py" line="993"
         args="concept preferredLabel linkrole">
Concept %(concept)s has duplicate preferred label %(preferredLabel)s in link role %(linkrole)s
</message>

<message code="EFM.6.14.01"
         level="error"
         module="ValidateXbrlDTS.py" line="1015"
         args="xlinkFrom xlinkTo">
CalculationArc from %(xlinkFrom)s to %(xlinkTo)s must have an order
</message>

<message code="EFM.6.14.02"
         level="error"
         module="ValidateXbrlDTS.py" line="1023"
         args="xlinkFrom xlinkTo weight">
CalculationArc from %(xlinkFrom)s to %(xlinkTo)s weight %(weight)s must be 1 or -1
</message>

<message code="EFM.6.14.02"
         level="error"
         module="ValidateXbrlDTS.py" line="1030"
         args="xlinkFrom xlinkTo">
CalculationArc from %(xlinkFrom)s to %(xlinkTo)s must have an weight
</message>

<message code="EFM.6.14.03"
         level="error"
         module="ValidateFiling.py" line="1040"
         args="linkrole conceptFrom conceptTo">
Calculation relationship period types mismatched in base set role %(linkrole)s from %(conceptFrom)s to %(conceptTo)s
</message>

<message code="EFM.6.14.04"
         level="error"
         module="ValidateFiling.py" line="1061"
         args="linkrole concept">
Calculation relationships have a directed cycle in base set role %(linkrole)s starting from %(concept)s
</message>

<message code="EFM.6.14.05"
         level="error"
         module="ValidateFiling.py" line="1164"
         args="conceptFrom conceptTo">
Used calculation relationship from %(conceptFrom)s to %(conceptTo)s does not participate in an effective presentation relationship
</message>

<message code="EFM.6.15.04"
         level="error"
         module="ValidateFiling.py" line="1072"
         args="linkrole linkrole2 concept">
Calculation relationships have a same set of targets in %(linkrole)s and %(linkrole2)s starting from %(concept)s
</message>

<message code="EFM.6.16.01"
         level="error"
         module="ValidateXbrlDTS.py" line="1037"
         args="xlinkFrom xlinkTo">
DefinitionArc from %(xlinkFrom)s to %(xlinkTo)s must have an order
</message>

<message code="EFM.6.16.03"
         level="error"
         module="ValidateFiling.py" line="1098"
         args="conceptFrom conceptTo linkrole">
Definition relationship from %(conceptFrom)s to %(conceptTo)s in role %(linkrole)s requires domain item target
</message>

<message code="EFM.6.16.04"
         level="error"
         module="ValidateFilingDimensions.py" line="101"
         args="linkrole hypercube dimension path">
Dimension relationships have an undirected cycle in DRS role %(linkrole)s 
starting from table %(hypercube)s, 
axis %(dimension)s, 
path %(path)s
</message>

<message code="EFM.6.16.04"
         level="error"
         module="ValidateFilingDimensions.py" line="124"
         args="linkrole conceptFrom path">
Domain-member primary-item relationships have an undirected cycle in DRS role %(linkrole)s 
starting from %(conceptFrom)s, 
path %(path)s
</message>

<message code="EFM.6.16.05"
         level="error"
         module="ValidateFilingDimensions.py" line="109"
         args="hypercubeCount linkrole concept">
Multiple tables (%(hypercubeCount)s) DRS role %(linkrole)s, source %(concept)s, only 1 allowed
</message>

<message code="EFM.6.16.06"
         level="error"
         module="ValidateFilingDimensions.py" line="41"
         args="hypercube linkrole">
Not all hypercube %(hypercube)s in DRS role %(linkrole)s, does not have closed='false'
</message>

<message code="EFM.6.16.07"
         level="error"
         module="ValidateFilingDimensions.py" line="81"
         args="dimension linkrole">
Negative table axis %(dimension)s in DRS role %(linkrole)s, not in any positive table in same role
</message>

<message code="EFM.6.16.08"
         level="error"
         module="ValidateFilingDimensions.py" line="45"
         args="hypercube linkrole">
Not all hypercube %(hypercube)s in DRS role %(linkrole)s, is also the target of a positive hypercube
</message>

<message code="EFM.6.16.09"
         level="error"
         module="ValidateFilingDimensions.py" line="136"
         args="concept linkrole">
Domain member %(concept)s in DRS role %(linkrole)s, missing targetrole consecutive relationship
</message>

<message code="EFM.6.16.09"
         level="error"
         module="ValidateFilingDimensions.py" line="57"
         args="hypercube linkrole">
Table %(hypercube)s in DRS role %(linkrole)s, missing targetrole consecutive relationship
</message>

<message code="EFM.6.16.09"
         level="error"
         module="ValidateFilingDimensions.py" line="87"
         args="dimension linkrole">
Axis %(dimension)s in DRS role %(linkrole)s, missing targetrole consecutive relationship
</message>

<message code="EFM.6.18.01"
         level="error"
         module="ValidateFiling.py" line="835"
         args="concept text">
References for extension concept %(concept)s are not allowed: %(text)s
</message>

<message code="EFM.6.18.02"
         level="error"
         module="ValidateFiling.py" line="840"
         args="concept text">
References for standard taxonomy concept %(concept)s are not allowed in an extension linkbase: %(text)s
</message>

<message code="EFM.6.22.03"
         level="error"
         module="ValidateFiling.py" line="929"
         args="namespaceConflicts">
References for conflicting standard taxonomies %(namespaceConflicts)s are not allowed in same DTS
</message>

<message code="EFM.N/A"
         level="error"
         module="ValidateFiling.py" line="1054"
         args="linkrole conceptFrom order conceptTo conceptTo2">
Duplicate calculations relations from concept %(conceptFrom)s for order %(order)s in base set role %(linkrole)s to concept %(conceptTo)s and to concept %(conceptTo2)s
</message>

<message code="EFM.N/A"
         level="error"
         module="ValidateFiling.py" line="362"
         args="fact contextID value text">
ix-numeric Fact %(fact)s of context %(contextID)s has a sign or currency symbol &quot;%(value)s&quot; in &quot;%(text)s&quot;
</message>

<message code="EFM.N/A"
         level="error"
         module="ValidateXbrlDTS.py" line="911"
         args="footnoteID arcrole">
Inline XBRL footnote %(footnoteID)s must be in non-displayable div due to arcrole %(arcrole)s
</message>

<message code="EFM.N/A"
         level="error"
         module="ValidateXbrlDTS.py" line="917"
         args="footnoteID">
Inline XBRL non-empty footnote %(footnoteID)s is not referenced by any fact
</message>

<message code="EFM.N/A"
         level="error"
         module="ValidateXbrlDTS.py" line="922"
         args="footnoteID">
Inline XBRL footnote %(footnoteID)s is missing an xml:lang attribute
</message>

<message code="FASB:deprecatedConcept"
         level="warning-semantic"
         module="examples/plugin/validateUSBestPractices.py" line="126"
         args="fact contextID value date documentation">
Concept of fact %(fact)s in context %(contextID)s value %(value)s was deprecated on %(date)s: %(documentation)s
</message>

<message code="FASB:deprecatedConcept"
         level="warning-semantic"
         module="examples/plugin/validateUSBestPractices.py" line="131"
         args="fact contextID value date">
Concept of fact %(fact)s in context %(contextID)s value %(value)s was deprecated on %(date)s
</message>

<message code="FileNotLoadable"
         level="error"
         module="ModelDocument.py" line="73"
         args="fileName">
File can not be loaded: %(fileName)s 
Loading terminated.
</message>

<message code="FileNotLoadable"
         level="error"
         module="ModelDocument.py" line="77"
         args="fileName">
File can not be loaded: %(fileName)s
</message>

<message code="GFM.1.01.01"
         level="error"
         module="ValidateFiling.py" line="102"
         args="filename">
Invalid instance document base name part (date) in &quot;{base}-{yyyymmdd}.xml&quot;: %(filename)s
</message>

<message code="GFM.1.01.01"
         level="error"
         module="ValidateFiling.py" line="106"
         args="filename">
Invalid instance document name, must match &quot;{base}-{yyyymmdd}.xml&quot;: %(filename)s
</message>

<message code="GFM.1.01.01"
         level="error"
         module="ValidateFiling.py" line="95"
         args="filename">
Invalid instance document base name part (ticker or mnemonic name) in &quot;{base}-{yyyymmdd}.xml&quot;: %(filename)s
</message>

<message code="GFM.1.01.01"
         level="error"
         module="ValidateFilingDTS.py" line="590"
         args="filename expectedFilename">
Invalid schema file name: %(filename)s, expected %(expectedFilename)s
</message>

<message code="GFM.1.01.01"
         level="error"
         module="ValidateFilingDTS.py" line="604"
         args="filename expectedFilename">
Invalid linkbase file name: %(filename)s, expected %(expectedFilename)s
</message>

<message code="GFM.1.01.02"
         level="error"
         module="ValidateFilingText.py" line="399"
         args="modelDocument text file line column">
Disallowed entity code %(text)s in file %(file)s line %(line)s column %(column)s
</message>

<message code="GFM.1.01.03"
         level="error"
         module="ValidateXbrlDTS.py" line="89"
         args="elementHref">
Href %(elementHref)s may only have shorthand xpointers
</message>

<message code="GFM.1.02.01"
         level="error"
         module="ValidateFiling.py" line="123"
         args="scheme context identifier">
Invalid entity identifier scheme %(scheme)s in context %(context)s for identifier %(identifier)s
</message>

<message code="GFM.1.02.02"
         level="error"
         module="ValidateFiling.py" line="128"
         args="entityIdentifierName entityIdentifer">
Invalid entity identifier %(entityIdentifierName)s: %(entityIdentifer)s
</message>

<message code="GFM.1.02.03"
         level="error"
         module="ValidateFiling.py" line="137"
         args="entityIdentifierName entityIdentifer entityIdentifer2">
Multiple %(entityIdentifierName)ss: %(entityIdentifer)s, %(entityIdentifer2)s
</message>

<message code="GFM.1.02.04"
         level="error"
         module="ValidateFiling.py" line="183"
         args="elementName context">
%(elementName)s element not allowed in context Id: %(context)s
</message>

<message code="GFM.1.02.05"
         level="error"
         module="ValidateFiling.py" line="195"
         args="context content">
Segment of context Id %(context)s has disallowed content: %(content)s
</message>

<message code="GFM.1.02.07"
         level="error"
         module="ValidateFiling.py" line="155"
         args="context context2">
Context ID %(context)s is equivalent to context ID %(context2)s
</message>

<message code="GFM.1.02.08"
         level="error"
         module="ValidateFiling.py" line="372"
         args="modelXbrl contextIDs">
The instance document contained a context(s) %(contextIDs)s that was(are) not used in any fact.
</message>

<message code="GFM.1.02.10"
         level="error"
         module="ValidateFiling.py" line="453"
         args="unitID unitID2">
Units %(unitID)s and %(unitID2)s are equivalent.
</message>

<message code="GFM.1.02.11"
         level="error"
         module="ValidateFiling.py" line="512"
         args="fact contextID contextID2">
Facts %(fact)s of context %(contextID)s and %(contextID2)s are equivalent.
</message>

<message code="GFM.1.02.13"
         level="error"
         module="ValidateFiling.py" line="529"
         args="fact contextID lang lang2">
Fact %(fact)s of context %(contextID)s has text of xml:lang '%(lang)s' without corresponding %(lang2)s text
</message>

<message code="GFM.1.02.14"
         level="error"
         module="ValidateFilingText.py" line="532"
         args="fact contextID error">
Fact %(fact)s contextID %(contextID)s has text which causes the XML error %(error)s
</message>

<message code="GFM.1.02.16"
         level="error"
         module="ValidateFiling.py" line="347"
         args="fact contextID precision">
Numeric fact %(fact)s of context %(contextID)s has a precision attribute '%(precision)s'
</message>

<message code="GFM.1.02.18"
         level="error"
         module="ValidateFiling.py" line="443"
         args="documentType">
Required context (no segment) not found for document type %(documentType)s.
</message>

<message code="GFM.1.02.19"
         level="error"
         module="ValidateFiling.py" line="723"
         args="footnoteLinkNumber elementName">
FootnoteLink %(footnoteLinkNumber)s has disallowed child element %(elementName)s
</message>

<message code="GFM.1.02.20"
         level="error"
         module="ValidateFiling.py" line="706"
         args="footnoteLinkNumber linkrole">
FootnoteLink %(footnoteLinkNumber)s has disallowed role %(linkrole)s
</message>

<message code="GFM.1.02.21"
         level="error"
         module="ValidateFiling.py" line="731"
         args="footnoteLinkNumber locNumber role">
FootnoteLink %(footnoteLinkNumber)s loc %(locNumber)s has disallowed role %(role)s
</message>

<message code="GFM.1.02.22"
         level="error"
         module="ValidateFiling.py" line="747"
         args="footnoteLinkNumber arcNumber arcrole">
FootnoteLink %(footnoteLinkNumber)s arc %(arcNumber)s has disallowed arcrole %(arcrole)s
</message>

<message code="GFM.1.02.23"
         level="error"
         module="ValidateFiling.py" line="737"
         args="footnoteLinkNumber locNumber locHref">
FootnoteLink %(footnoteLinkNumber)s loc %(locNumber)s has disallowed href %(locHref)s
</message>

<message code="GFM.1.02.24"
         level="error"
         module="ValidateFiling.py" line="773"
         args="footnoteLinkNumber xlinkLabel">
FootnoteLink %(footnoteLinkNumber)s footnote %(xlinkLabel)s has no linked fact
</message>

<message code="GFM.1.02.25"
         level="error"
         module="ValidateFiling.py" line="166"
         args="context elementName value">
Context id %(context)s %(elementName)s invalid content %(value)s
</message>

<message code="GFM.1.02.26"
         level="error"
         module="ValidateFiling.py" line="497"
         args="fact contextID decimals value value2">
Fact %(fact)s of context %(contextID)s decimals %(decimals)s value %(value)s has insignificant digits %(value2)s.
</message>

<message code="GFM.1.02.26"
         level="error"
         module="ValidateFiling.py" line="501"
         args="fact contextID decimals value">
Fact %(fact)s of context %(contextID)s decimals %(decimals)s value %(value)s causes Value Error exception.
</message>

<message code="GFM.1.03.01"
         level="error"
         module="ValidateFilingDTS.py" line="49"
         args="schema include">
Taxonomy schema %(schema)s includes %(include)s, only import is allowed
</message>

<message code="GFM.1.03.03"
         level="error"
         module="ValidateFilingDTS.py" line="95"
         args="schema targetNamespace">
Taxonomy schema %(schema)s namespace %(targetNamespace)s is a disallowed authority
</message>

<message code="GFM.1.03.04"
         level="error"
         module="ValidateFilingDTS.py" line="118"
         args="schema targetNamespace">
Taxonomy schema %(schema)s namespace %(targetNamespace)s must have format http://{authority}/{versionDate}
</message>

<message code="GFM.1.03.05"
         level="error"
         module="ValidateFilingDTS.py" line="131"
         args="schema targetNamespace">
Taxonomy schema %(schema)s namespace %(targetNamespace)s must be a valid URL with a valid authority for the namespace.
</message>

<message code="GFM.1.03.06"
         level="info"
         module="ValidateFilingDTS.py" line="122"
         args="schema targetNamespace docNameDate">
Warning: Taxonomy schema %(schema)s namespace %(targetNamespace)s has date later than document name date %(docNameDate)s
</message>

<message code="GFM.1.03.07"
         level="error"
         module="ValidateFilingDTS.py" line="136"
         args="schema targetNamespace">
Taxonomy schema %(schema)s namespace %(targetNamespace)s missing prefix for the namespace.
</message>

<message code="GFM.1.03.07"
         level="error"
         module="ValidateFilingDTS.py" line="140"
         args="schema targetNamespace prefix">
Taxonomy schema %(schema)s namespace %(targetNamespace)s prefix %(prefix)s must not have an '_'
</message>

<message code="GFM.1.03.08"
         level="error"
         module="ValidateFilingDTS.py" line="402"
         args="schema">
Taxonomy schema %(schema)s contains an embedded linkbase
</message>

<message code="GFM.1.03.09"
         level="error"
         module="ValidateFilingDTS.py" line="422"
         args="roleType targetNamespaceAuthority">
RoleType %(roleType)s does not match authority %(targetNamespaceAuthority)s
</message>

<message code="GFM.1.03.09"
         level="warning"
         module="ValidateFilingDTS.py" line="427"
         args="roleType">
RoleType %(roleType)s should end with /role/{LC3name}
</message>

<message code="GFM.1.03.10"
         level="error"
         module="ValidateFilingDTS.py" line="438"
         args="roleType">
RoleType %(roleType)s is defined in multiple taxonomies
</message>

<message code="GFM.1.03.11"
         level="error"
         module="ValidateFilingDTS.py" line="444"
         args="roleType usedOn">
RoleType %(roleType)s missing used on %(usedOn)s
</message>

<message code="GFM.1.03.12-14"
         level="error"
         module="ValidateFilingDTS.py" line="451"
         args="roleType definition">
RoleType %(roleType)s definition &quot;%(definition)s&quot; must match {Sortcode} - {Type} - {Title}
</message>

<message code="GFM.1.03.15"
         level="error"
         module="ValidateFilingDTS.py" line="482"
         args="arcroleType targetNamespaceAuthority">
ArcroleType %(arcroleType)s does not match authority %(targetNamespaceAuthority)s
</message>

<message code="GFM.1.03.15"
         level="warning"
         module="ValidateFilingDTS.py" line="487"
         args="arcroleType">
ArcroleType %(arcroleType)s should end with /arcrole/{LC3name}
</message>

<message code="GFM.1.03.16"
         level="error"
         module="ValidateFilingDTS.py" line="494"
         args="arcroleType">
ArcroleType %(arcroleType)s is defined in multiple taxonomies
</message>

<message code="GFM.1.03.17"
         level="error"
         module="ValidateFilingDTS.py" line="501"
         args="arcroleType">
ArcroleType %(arcroleType)s definition must be non-empty
</message>

<message code="GFM.1.03.18"
         level="error"
         module="ValidateFilingDTS.py" line="158"
         args="concept standardSchema">
Concept %(concept)s is also defined in standard taxonomy schema schema %(standardSchema)s
</message>

<message code="GFM.1.03.19"
         level="error"
         module="ValidateFilingDTS.py" line="180"
         args="concept id requiredId">
Concept %(concept)s id %(id)s should be $(requiredId)s
</message>

<message code="GFM.1.03.20"
         level="error"
         module="ValidateFilingDTS.py" line="187"
         args="schema concept nillable">
Taxonomy schema %(schema)s element %(concept)s nillable %(nillable)s should be 'true'
</message>

<message code="GFM.1.03.21"
         level="error"
         module="ValidateFilingDTS.py" line="195"
         args="concept">
Concept %(concept)s is a tuple
</message>

<message code="GFM.1.03.22"
         level="error"
         module="ValidateFilingDTS.py" line="201"
         args="concept typedDomainRef">
Concept %(concept)s has typedDomainRef %(typedDomainRef)s
</message>

<message code="GFM.1.03.23"
         level="error"
         module="ValidateFilingDTS.py" line="209"
         args="schema concept">
Taxonomy schema %(schema)s element %(concept)s is abstract but period type is not duration
</message>

<message code="GFM.1.03.25"
         level="error"
         module="ValidateFilingDTS.py" line="223"
         args="concept">
Concept %(concept)s must end in Axis to be in xbrldt:dimensionItem substitution group
</message>

<message code="GFM.1.03.26"
         level="error"
         module="ValidateFilingDTS.py" line="229"
         args="schema concept">
Concept %(concept)s must end in Table to be in xbrldt:hypercubeItem substitution group
</message>

<message code="GFM.1.03.27"
         level="error"
         module="ValidateFilingDTS.py" line="238"
         args="concept substitutionGroup">
Concept %(concept)s has disallowed substitution group %(substitutionGroup)s
</message>

<message code="GFM.1.03.28"
         level="error"
         module="ValidateFilingDTS.py" line="245"
         args="concept">
Concept %(concept)s is a LineItems but not abstract
</message>

<message code="GFM.1.03.29"
         level="error"
         module="ValidateFilingDTS.py" line="254"
         args="concept">
Concept %(concept)s must end with Domain or Member for type of domainItemType
</message>

<message code="GFM.1.03.30"
         level="error"
         module="ValidateFilingDTS.py" line="260"
         args="concept">
Concept %(concept)s is a domainItemType and must be periodType duration
</message>

<message code="GFM.1.04.03"
         level="error"
         module="ValidateFiling.py" line="953"
         args="arc linkrole arcrole conceptFrom conceptTo ineffectivity">
Ineffective arc %(arc)s in 
link role %(linkrole)s 
arcrole %(arcrole)s 
from %(conceptFrom)s 
to %(conceptTo)s 
%(ineffectivity)s
</message>

<message code="GFM.1.04.04"
         level="error"
         module="ValidateXbrlDTS.py" line="929"
         args="element">
%(element)s is missing an xlink:role
</message>

<message code="GFM.1.04.04"
         level="error"
         module="ValidateXbrlDTS.py" line="946"
         args="element">
%(element)s is missing an xlink:role
</message>

<message code="GFM.1.04.05"
         level="error"
         module="ValidateXbrlDTS.py" line="953"
         args="xlinkLabel role">
Resource %(xlinkLabel)s role %(role)s is not a standard taxonomy role
</message>

<message code="GFM.1.04.06"
         level="error"
         module="ValidateXbrlDTS.py" line="655"
         args="refURI xlinkHref">
Arcrole %(refURI)s arcroleRef %(xlinkHref)s must be a standard taxonomy
</message>

<message code="GFM.1.04.08"
         level="error"
         module="ValidateXbrlDTS.py" line="1000"
         args="xlinkFrom xlinkTo priority">
Arc from %(xlinkFrom)s to %(xlinkTo)s priority %(priority)s is not an integer
</message>

<message code="GFM.1.04.08"
         level="error"
         module="ValidateXbrlDTS.py" line="993"
         args="xlinkFrom xlinkTo priority">
Arc from %(xlinkFrom)s to %(xlinkTo)s priority %(priority)s must be less than 10
</message>

<message code="GFM.1.05.01"
         level="error"
         module="ValidateFiling.py" line="1325"
         args="concept lang">
Concept %(concept)s is missing an %(lang)s standard label.
</message>

<message code="GFM.1.05.01"
         level="error"
         module="ValidateFiling.py" line="536"
         args="modelXbrl">
A label linkbase is required but was not found
</message>

<message code="GFM.1.05.04"
         level="error"
         module="ValidateFiling.py" line="805"
         args="concept concept2 lang text">
Same labels for concepts %(concept)s and %(concept2)s for %(lang)s standard role: %(text)s.
</message>

<message code="GFM.1.05.05"
         level="error"
         module="ValidateFiling.py" line="798"
         args="concept text">
Concept %(concept)s of a standard taxonomy cannot have a documentation label: %(text)s
</message>

<message code="GFM.1.05.06"
         level="error"
         module="ValidateFiling.py" line="815"
         args="concept role length text">
Label for concept %(concept)s role %(role)s length %(length)s must be shorter than 511 characters: %(text)s
</message>

<message code="GFM.1.05.07"
         level="error"
         module="ValidateFiling.py" line="820"
         args="concept role text">
Label for concept %(concept)s role %(role)s has disallowed characters: &quot;%(text)s&quot;
</message>

<message code="GFM.1.05.08"
         level="error"
         module="ValidateFiling.py" line="827"
         args="concept role lang text">
Label for concept %(concept)s role %(role)s lang %(lang)s is not trimmed: %(text)s
</message>

<message code="GFM.1.06.01"
         level="error"
         module="ValidateXbrlDTS.py" line="1008"
         args="xlinkFrom xlinkTo">
PresentationArc from %(xlinkFrom)s to %(xlinkTo)s must have an order
</message>

<message code="GFM.1.06.02"
         level="error"
         module="ValidateFiling.py" line="1005"
         args="conceptFrom order linkrole conceptTo conceptTo2">
Duplicate presentation relations from concept %(conceptFrom)s for order %(order)s in base set role %(linkrole)s to concept %(conceptTo)s and to concept %(conceptTo2)s
</message>

<message code="GFM.1.06.04"
         level="error"
         module="ValidateFiling.py" line="1182"
         args="concept lang preferredLabel">
Concept %(concept)s missing %(lang)s preferred labels for role %(preferredLabel)s
</message>

<message code="GFM.1.06.05"
         level="error"
         module="ValidateFiling.py" line="993"
         args="concept preferredLabel linkrole">
Concept %(concept)s has duplicate preferred label %(preferredLabel)s in link role %(linkrole)s
</message>

<message code="GFM.1.07.01"
         level="error"
         module="ValidateXbrlDTS.py" line="1015"
         args="xlinkFrom xlinkTo">
CalculationArc from %(xlinkFrom)s to %(xlinkTo)s must have an order
</message>

<message code="GFM.1.07.02"
         level="error"
         module="ValidateXbrlDTS.py" line="1023"
         args="xlinkFrom xlinkTo weight">
CalculationArc from %(xlinkFrom)s to %(xlinkTo)s weight %(weight)s must be 1 or -1
</message>

<message code="GFM.1.07.02"
         level="error"
         module="ValidateXbrlDTS.py" line="1030"
         args="xlinkFrom xlinkTo">
CalculationArc from %(xlinkFrom)s to %(xlinkTo)s must have an weight
</message>

<message code="GFM.1.07.03"
         level="error"
         module="ValidateFiling.py" line="1040"
         args="linkrole conceptFrom conceptTo">
Calculation relationship period types mismatched in base set role %(linkrole)s from %(conceptFrom)s to %(conceptTo)s
</message>

<message code="GFM.1.07.04"
         level="error"
         module="ValidateFiling.py" line="1061"
         args="linkrole concept">
Calculation relationships have a directed cycle in base set role %(linkrole)s starting from %(concept)s
</message>

<message code="GFM.1.07.06"
         level="error"
         module="ValidateFiling.py" line="1054"
         args="linkrole conceptFrom order conceptTo conceptTo2">
Duplicate calculations relations from concept %(conceptFrom)s for order %(order)s in base set role %(linkrole)s to concept %(conceptTo)s and to concept %(conceptTo2)s
</message>

<message code="GFM.1.08.01"
         level="error"
         module="ValidateXbrlDTS.py" line="1037"
         args="xlinkFrom xlinkTo">
DefinitionArc from %(xlinkFrom)s to %(xlinkTo)s must have an order
</message>

<message code="GFM.1.08.03"
         level="error"
         module="ValidateFiling.py" line="1098"
         args="conceptFrom conceptTo linkrole">
Definition relationship from %(conceptFrom)s to %(conceptTo)s in role %(linkrole)s requires domain item target
</message>

<message code="GFM.1.08.04"
         level="error"
         module="ValidateFilingDimensions.py" line="101"
         args="linkrole hypercube dimension path">
Dimension relationships have an undirected cycle in DRS role %(linkrole)s 
starting from table %(hypercube)s, 
axis %(dimension)s, 
path %(path)s
</message>

<message code="GFM.1.08.04"
         level="error"
         module="ValidateFilingDimensions.py" line="124"
         args="linkrole conceptFrom path">
Domain-member primary-item relationships have an undirected cycle in DRS role %(linkrole)s 
starting from %(conceptFrom)s, 
path %(path)s
</message>

<message code="GFM.1.08.05"
         level="error"
         module="ValidateFilingDimensions.py" line="109"
         args="hypercubeCount linkrole concept">
Multiple tables (%(hypercubeCount)s) DRS role %(linkrole)s, source %(concept)s, only 1 allowed
</message>

<message code="GFM.1.08.06"
         level="error"
         module="ValidateFilingDimensions.py" line="41"
         args="hypercube linkrole">
Not all hypercube %(hypercube)s in DRS role %(linkrole)s, does not have closed='false'
</message>

<message code="GFM.1.08.08"
         level="error"
         module="ValidateFilingDimensions.py" line="45"
         args="hypercube linkrole">
Not all hypercube %(hypercube)s in DRS role %(linkrole)s, is also the target of a positive hypercube
</message>

<message code="GFM.1.08.08"
         level="error"
         module="ValidateFilingDimensions.py" line="81"
         args="dimension linkrole">
Negative table axis %(dimension)s in DRS role %(linkrole)s, not in any positive table in same role
</message>

<message code="GFM.1.08.09"
         level="error"
         module="ValidateFilingDimensions.py" line="136"
         args="concept linkrole">
Domain member %(concept)s in DRS role %(linkrole)s, missing targetrole consecutive relationship
</message>

<message code="GFM.1.08.09"
         level="error"
         module="ValidateFilingDimensions.py" line="57"
         args="hypercube linkrole">
Table %(hypercube)s in DRS role %(linkrole)s, missing targetrole consecutive relationship
</message>

<message code="GFM.1.08.09"
         level="error"
         module="ValidateFilingDimensions.py" line="87"
         args="dimension linkrole">
Axis %(dimension)s in DRS role %(linkrole)s, missing targetrole consecutive relationship
</message>

<message code="GFM.1.08.10"
         level="error"
         module="ValidateFiling.py" line="1133"
         args="conceptFrom order linkrole conceptTo conceptTo2">
Duplicate definitions relations from concept %(conceptFrom)s for order %(order)s in base set role %(linkrole)s to concept %(conceptTo)s and to concept %(conceptTo2)s
</message>

<message code="GFM.1.08.11"
         level="error"
         module="ValidateFiling.py" line="1141"
         args="arc conceptFrom linkrole conceptTo">
Disallowed xbrldt:usable='false' attribute on %(arc)s relationship from concept %(conceptFrom)s in base set role %(linkrole)s to concept %(conceptTo)s
</message>

<message code="GFM.1.1.7"
         level="error"
         module="ModelDocument.py" line="617"
         args="modelObejct attribute">
Prohibited base attribute: %(attribute)s
</message>

<message code="GFM.1.10.18"
         level="error"
         module="ValidateFiling.py" line="362"
         args="fact contextID value text">
ix-numeric Fact %(fact)s of context %(contextID)s has a sign or currency symbol &quot;%(value)s&quot; in &quot;%(text)s&quot;
</message>

<message code="GFM.1.10.4"
         level="error"
         module="ValidateXbrlDTS.py" line="214"
         args="modelXbrl encoding metaContentTypeEncoding">
XML declaration encoding %(encoding)s and meta content type encoding %(metaContentTypeEncoding)s must both be utf-8
</message>

<message code="GFM.1.2.15"
         level="error"
         module="ValidateFilingText.py" line="461"
         args="fact contextID entity">
Fact %(fact)s contextID %(contextID)s has disallowed entity %(entity)s
</message>

<message code="GFM.1.2.20"
         level="error"
         module="ValidateFiling.py" line="753"
         args="xlinkLabel">
Footnote %(xlinkLabel)s is missing a role
</message>

<message code="GFM.1.2.20"
         level="error"
         module="ValidateFiling.py" line="758"
         args="xlinkLabel role">
Footnote %(xlinkLabel)s has disallowed role %(role)s
</message>

<message code="GFM.1.2.9"
         level="error"
         module="ValidateFiling.py" line="413"
         args="contextID otherContexts documentType">
Context %(contextID)s endDate, and startDate(s) have a duration of one day, for context(s): and %(otherContexts)s; that is inconsistent with document type %(documentType)s.
</message>

<message code="GFM.1.5.2"
         level="error"
         module="ValidateFiling.py" line="1306"
         args="concept role lang">
Concept %(concept)s has duplicated labels for role %(role)s lang %(lang)s.
</message>

<message code="GFM.1.5.3"
         level="error"
         module="ValidateFiling.py" line="1338"
         args="concept lang role">
Concept %(concept)s is missing an %(lang)s label for role %(role)s.
</message>

<message code="GFM.1.6.3"
         level="error"
         module="ValidateFiling.py" line="1156"
         args="concept">
Concept %(concept)s does not participate in an effective presentation relationship
</message>

<message code="GFM.1.7.5"
         level="error"
         module="ValidateFiling.py" line="1164"
         args="conceptFrom conceptTo">
Used calculation relationship from %(conceptFrom)s to %(conceptTo)s does not participate in an effective presentation relationship
</message>

<message code="GFM.1.9.1"
         level="error"
         module="ValidateFiling.py" line="835"
         args="concept text">
References for extension concept %(concept)s are not allowed: %(text)s
</message>

<message code="GFM.2.01.01"
         level="error"
         module="ValidateFiling.py" line="338"
         args="fact contextID">
Fact %(fact)s of context %(contextID)s has an XBRL error
</message>

<message code="GFM.2.03.03"
         level="error-semantic"
         module="ValidateFilingDTS.py" line="456"
         args="roleuri qnames">
RoleType %(roleuri)s is defined using role types already defined by standard roles for: %(qnames)s
</message>

<message code="GFM.2.03.03"
         level="error-semantic"
         module="ValidateFilingDTS.py" line="508"
         args="arcroleuri qnames">
ArcroleType %(arcroleuri)s is defined using role types already defined by standard arcroles for: %(qnames)s
</message>

<message code="GFM.2.03.05.disallowedCharacter"
         level="error-semantic"
         module="ValidateFilingDTS.py" line="270"
         args="concept">
Concept %(concept)s has disallowed name character
</message>

<message code="GFM.2.03.05.firstLetter"
         level="error-semantic"
         module="ValidateFilingDTS.py" line="266"
         args="concept">
Concept %(concept)s name must start with a capital letter
</message>

<message code="GFM.2.03.06"
         level="warning-semantic"
         module="ValidateFilingDTS.py" line="295"
         args="concept matches">
Concept %(concept)s should not contain company or period information, found: %(matches)s
</message>

<message code="GFM.2.03.11"
         level="error-semantic"
         module="ValidateFilingDTS.py" line="306"
         args="concept">
Concept %(concept)s must have a balance because it appears in a statement of income or balance sheet
</message>

<message code="GFM.2.03.16"
         level="error-semantic"
         module="ValidateFilingDTS.py" line="321"
         args="concept">
Concept %(concept)s of type xbrli:dateItemType must have periodType duration
</message>

<message code="GFM.2.03.17"
         level="error-semantic"
         module="ValidateFilingDTS.py" line="327"
         args="concept">
Concept %(concept)s of type xbrli:stringItemType must have periodType duration
</message>

<message code="GFM.2.04.04"
         level="error-semantic"
         module="ValidateFilingDTS.py" line="315"
         args="concept">
Concept %(concept)s is monetary without a balance and must have a documentation label that disambiguates its sign
</message>

<message code="GFM.2.06.04"
         level="error"
         module="ValidateFiling.py" line="1072"
         args="linkrole linkrole2 concept">
Calculation relationships have a same set of targets in %(linkrole)s and %(linkrole2)s starting from %(concept)s
</message>

<message code="GFM.3.02.01"
         level="error"
         module="ValidateFiling.py" line="549"
         args="modelXbrl elementName">
%(elementName)s is not found in the default context
</message>

<message code="GFM.3.02.01"
         level="error"
         module="ValidateFiling.py" line="554"
         args="modelXbrl elementName">
%(elementName)s is required and was not found in the default context
</message>

<message code="GFM.3.02.01"
         level="error"
         module="ValidateFiling.py" line="560"
         args="modelXbrl elementName date">
%(elementName)s is in the default context is incorrect '%(date)s'
</message>

<message code="GFM.3.02.01"
         level="error"
         module="ValidateFiling.py" line="693"
         args="modelXbrl elementName">
dei:%(elementName)s is required in the default context
</message>

<message code="GFM.3.02.02"
         level="error"
         module="ValidateFiling.py" line="234"
         args="modelXbrl cikList cikNameList">
parameters for cikList and cikNameList different list entry counts: %(cikList)s, %(cikNameList)s
</message>

<message code="GFM.3.02.02"
         level="error"
         module="ValidateFiling.py" line="286"
         args="elementName value entityIdentifer">
dei:%(elementName)s %(value)s must match the context entity identifier %(entityIdentifer)s
</message>

<message code="GFM.3.02.02"
         level="error"
         module="ValidateFiling.py" line="291"
         args="elementName value filerIdentifer">
dei:%(elementName)s %(value)s must match submission: %(filerIdentifer)s
</message>

<message code="GFM.3.02.02"
         level="error"
         module="ValidateFiling.py" line="300"
         args="elementName prefix value">
dei:%(elementName)s %(prefix)s should be a case-insensitive prefix of: %(value)s
</message>

<message code="GFM:1.04.07"
         level="error"
         module="ValidateXbrlDTS.py" line="936"
         args="element element2">
Extended element %(element)s must be the same as %(element2)s
</message>

<message code="GFM:1.10.13"
         level="error"
         module="ValidateXbrlDTS.py" line="922"
         args="footnoteID">
Inline XBRL footnote %(footnoteID)s is missing an xml:lang attribute
</message>

<message code="GFM:1.10.15"
         level="error"
         module="ValidateXbrlDTS.py" line="917"
         args="footnoteID">
Inline XBRL non-empty footnote %(footnoteID)s is not referenced by any fact
</message>

<message code="GFM:1.10.16"
         level="error"
         module="ValidateXbrlDTS.py" line="911"
         args="footnoteID arcrole">
Inline XBRL footnote %(footnoteID)s must be in non-displayable div due to arcrole %(arcrole)s
</message>

<message code="HMRC.02"
         level="error"
         module="ValidateHmrc.py" line="124"
         args="">
Period Start Date (uk-bus:StartDateForPeriodCoveredByReport) is missing.
</message>

<message code="HMRC.02"
         level="error"
         module="ValidateHmrc.py" line="128"
         args="">
Period Start Date (uk-bus:StartDateForPeriodCoveredByReport) must be 6 April 2008 or later.
</message>

<message code="HMRC.07"
         level="error"
         module="ValidateHmrc.py" line="158"
         args="">
Balance Sheet Date of Approval (uk-gaap:DateApprovalAccounts) is missing OR Balance Sheet Date of Approval (uk-ifrs:DateAuthorisationFinancialStatementsForIssue) is missing.
</message>

<message code="HMRC.08"
         level="error"
         module="ValidateHmrc.py" line="163"
         args="">
Name of Director Approving Balance Sheet (uk-gaap:NameDirectorSigningAccounts) is missing OR Name of Director Approving Balance Sheet (ifrs:ExplanationOfBodyOfAuthorisation) is missing.
</message>

<message code="HMRC.11"
         level="error"
         module="ValidateHmrc.py" line="168"
         args="">
Profit or Loss for the period (uk-gaap:ProfitLossForPeriod OR ifrs:ProfitLoss) is missing.
</message>

<message code="HMRC.14"
         level="error"
         module="ValidateHmrc.py" line="117"
         args="fact contextID contextID2">
Inconsistent duplicate facts %(fact)s context %(contextID)s and %(contextID2)s.
</message>

<message code="HMRC.16.1"
         level="error"
         module="ValidateHmrc.py" line="173"
         args="">
Company Reference Number (uk-bus:UKCompaniesHouseRegisteredNumber) is missing.
</message>

<message code="HMRC.16.2"
         level="error"
         module="ValidateHmrc.py" line="180"
         args="entityIdentifier contextID">
Context entity identifier (%(entityIdentifier)s) does not match Company Reference Number (uk-bus:UKCompaniesHouseRegisteredNumber) Location: Accounts (context id %(contextID)s).
</message>

<message code="IOerror"
         level="error"
         module="ModelDocument.py" line="117"
         args="fileName error">
%(fileName)s: file error: %(error)s 
Loading terminated.
</message>

<message code="IOerror"
         level="error"
         module="ModelDocument.py" line="121"
         args="fileName error">
%(fileName)s: file error: %(error)s
</message>

<message code="SBR.NL.2.1.0.08"
         level="error"
         module="ValidateFiling.py" line="798"
         args="concept text">
Concept %(concept)s of a standard taxonomy cannot have a documentation label: %(text)s
</message>

<message code="SBR.NL.2.1.0.08"
         level="error"
         module="ValidateFiling.py" line="840"
         args="concept text">
References for standard taxonomy concept %(concept)s are not allowed in an extension linkbase: %(text)s
</message>

<message code="SBR.NL.2.2.0.01"
         level="error"
         module="ValidateXbrlDTS.py" line="368"
         args="element">
Schema contains XSD 1.1 content &quot;%(element)s&quot;
</message>

<message code="SBR.NL.2.2.0.01"
         level="error"
         module="ValidateXbrlDTS.py" line="387"
         args="concept xsdType">
Schema element %(concept)s contains XSD 1.1 datatype &quot;%(xsdType)s&quot;
</message>

<message code="SBR.NL.2.2.0.06"
         level="error"
         module="ValidateXbrlDTS.py" line="600"
         args="element">
Schema element is not prefixed: &quot;%(element)s&quot;
</message>

<message code="SBR.NL.2.2.0.06"
         level="error"
         module="ValidateXbrlDTS.py" line="607"
         args="element">
Linkbase element is not prefixed: &quot;%(element)s&quot;
</message>

<message code="SBR.NL.2.2.0.08"
         level="error"
         module="ValidateXbrlDTS.py" line="353"
         args="">
Schema element must have a targetNamespace attribute
</message>

<message code="SBR.NL.2.2.0.09"
         level="error"
         module="ValidateXbrlDTS.py" line="358"
         args="">
Schema element attributeFormDefault must be &quot;unqualified&quot; and elementFormDefault must be &quot;qualified&quot;
</message>

<message code="SBR.NL.2.2.0.10"
         level="error"
         module="ValidateXbrlDTS.py" line="363"
         args="attribute">
Schema element must not have a %(attribute)s attribute
</message>

<message code="SBR.NL.2.2.0.12"
         level="error"
         module="ValidateXbrlDTS.py" line="485"
         args="">
Annotation/appinfo record must be be behind schema and before import
</message>

<message code="SBR.NL.2.2.0.12"
         level="error"
         module="ValidateXbrlDTS.py" line="495"
         args="">
Schema file annotation missing appinfo element must be be behind schema and before import
</message>

<message code="SBR.NL.2.2.0.14"
         level="error"
         module="ValidateXbrlDTS.py" line="489"
         args="">
Annotation/appinfo record must be followed only by import
</message>

<message code="SBR.NL.2.2.0.15"
         level="error"
         module="ValidateXbrlDTS.py" line="270"
         args="importedFile">
A schema import schemas of which no content is being addressed: %(importedFile)s
</message>

<message code="SBR.NL.2.2.0.18"
         level="error"
         module="ValidateFilingDTS.py" line="49"
         args="schema include">
Taxonomy schema %(schema)s includes %(include)s, only import is allowed
</message>

<message code="SBR.NL.2.2.0.20"
         level="error"
         module="ValidateXbrlDTS.py" line="1086"
         args="element fileType namespace">
%(fileType)s element %(element)s must not have custom namespace %(namespace)s
</message>

<message code="SBR.NL.2.2.0.20"
         level="error"
         module="ValidateXbrlDTS.py" line="1096"
         args="element fileType prefix localName">
%(fileType)s element %(element)s must not have %(prefix)s:%(localName)s
</message>

<message code="SBR.NL.2.2.0.22"
         level="error"
         module="ValidateXbrlDTS.py" line="256"
         args="annotationsCount">
Schema has %(annotationsCount)s xs:annotation elements, only 1 allowed
</message>

<message code="SBR.NL.2.2.1.01"
         level="error"
         module="ValidateFilingDTS.py" line="561"
         args="contents">
Taxonomy schema may only define one of these: %(contents)s
</message>

<message code="SBR.NL.2.2.1.01"
         level="error"
         module="ValidateFilingDTS.py" line="566"
         args="">
Taxonomy schema must be a DTS entrypoint OR define linkroles OR arcroles OR link:parts OR context fragments OR abstract items OR tuples OR non-abstract elements OR types OR enumerations OR dimensions OR domains OR hypercubes
</message>

<message code="SBR.NL.2.2.1.02"
         level="error"
         module="ValidateFilingDTS.py" line="573"
         args="">
A schema that defines concepts MUST have a linked 2.1 label linkbase
</message>

<message code="SBR.NL.2.2.1.03"
         level="error"
         module="ValidateFilingDTS.py" line="581"
         args="">
A schema that defines non-abstract items MUST have a linked (2.1) reference linkbase AND/OR a label linkbase with @xlink:role=documentation
</message>

<message code="SBR.NL.2.2.1.05"
         level="error"
         module="ValidateFiling.py" line="1306"
         args="concept role lang">
Concept %(concept)s has duplicated labels for role %(role)s lang %(lang)s.
</message>

<message code="SBR.NL.2.2.10.01"
         level="error"
         module="ValidateFiling.py" line="785"
         args="">
Entrypoint schema must have a presentation linkbase
</message>

<message code="SBR.NL.2.2.10.03"
         level="error"
         module="ValidateFiling.py" line="860"
         args="concept">
DTS concept %(concept)s not referred to by presentation relationship.
</message>

<message code="SBR.NL.2.2.11.05"
         level="error"
         module="ValidateFilingDTS.py" line="522"
         args="element">
Appinfo contains disallowed non-link element %(element)s
</message>

<message code="SBR.NL.2.2.11.06"
         level="error"
         module="ValidateXbrlDTS.py" line="478"
         args="">
xs:attribute must not be used
</message>

<message code="SBR.NL.2.2.11.09"
         level="error"
         module="ValidateFilingDTS.py" line="529"
         args="">
ComplexType contains disallowed xs:choice element
</message>

<message code="SBR.NL.2.2.11.10"
         level="error"
         module="ValidateFilingDTS.py" line="535"
         args="">
ComplexContent is disallowed
</message>

<message code="SBR.NL.2.2.2.01"
         level="error"
         module="ValidateXbrlDTS.py" line="392"
         args="concept">
Schema concept definition is not at the root level: %(concept)s
</message>

<message code="SBR.NL.2.2.2.02"
         level="error"
         module="ValidateFilingDTS.py" line="163"
         args="concept standardSchema">
Concept %(concept)s is also defined in standard taxonomy schema %(standardSchema)s without a general-special relationship
</message>

<message code="SBR.NL.2.2.2.03"
         level="error"
         module="ValidateFilingDTS.py" line="341"
         args="concept">
Concept %(concept)s is an abstract tuple
</message>

<message code="SBR.NL.2.2.2.04"
         level="error"
         module="ValidateFiling.py" line="853"
         args="concept">
Concept %(concept)s not referred to by presentation relationship.
</message>

<message code="SBR.NL.2.2.2.05"
         level="error"
         module="ValidateFiling.py" line="865"
         args="concept">
Concept %(concept)s has a substitutionGroup of a non-standard concept.
</message>

<message code="SBR.NL.2.2.2.07"
         level="error"
         module="ValidateFilingDTS.py" line="345"
         args="concept">
Tuple %(concept)s has a tuple cycle
</message>

<message code="SBR.NL.2.2.2.14"
         level="error"
         module="ValidateXbrlDTS.py" line="433"
         args="element">
Schema %(element)s must have minOccurs and maxOccurs
</message>

<message code="SBR.NL.2.2.2.14"
         level="error"
         module="ValidateXbrlDTS.py" line="448"
         args="element attrName">
Schema %(element)s must have %(attrName)s
</message>

<message code="SBR.NL.2.2.2.16"
         level="error"
         module="ValidateFilingDTS.py" line="357"
         args="concept">
Abstract root concept %(concept)s must have nillable='false'
</message>

<message code="SBR.NL.2.2.2.17"
         level="error"
         module="ValidateFilingDTS.py" line="349"
         args="concept">
Tuple %(concept)s must have nillable='false'
</message>

<message code="SBR.NL.2.2.2.19"
         level="error"
         module="ValidateFilingDimensions.py" line="195"
         args="domain linkrole dimension">
Domain item %(domain)s in DRS role %(linkrole)s, in dimension %(dimension)s is not a domainItem
</message>

<message code="SBR.NL.2.2.2.19"
         level="error"
         module="ValidateFilingDimensions.py" line="229"
         args="member linkrole">
Domain member item %(member)s in DRS role %(linkrole)s is not a domainMemberItem
</message>

<message code="SBR.NL.2.2.2.19"
         level="error"
         module="ValidateFilingDimensions.py" line="234"
         args="domain linkrole">
Domain item %(domain)s in DRS role %(linkrole)s is not a domainItem
</message>

<message code="SBR.NL.2.2.2.19"
         level="error"
         module="ValidateFilingDimensions.py" line="239"
         args="domain linkrole">
Abstract domain item %(domain)s in DRS role %(linkrole)s is not a primaryDomainItem
</message>

<message code="SBR.NL.2.2.2.21"
         level="error"
         module="ValidateFilingDTS.py" line="361"
         args="concept">
Abstract root concept %(concept)s must have type='xbrli:stringItemType'
</message>

<message code="SBR.NL.2.2.2.22"
         level="error"
         module="ValidateFilingDTS.py" line="365"
         args="concept">
Abstract concept %(concept)s must not have a balance attribute
</message>

<message code="SBR.NL.2.2.2.24"
         level="error"
         module="ValidateFilingDTS.py" line="387"
         args="concept">
Non-monetary concept %(concept)s must not have a balance attribute
</message>

<message code="SBR.NL.2.2.2.26"
         level="error"
         module="ValidateFiling.py" line="846"
         args="concept">
Concept %(concept)s missing standard label in local language.
</message>

<message code="SBR.NL.2.2.2.28"
         level="error"
         module="ValidateFilingDTS.py" line="383"
         args="concept">
Concept %(concept)s must have a documentation label or reference
</message>

<message code="SBR.NL.2.2.2.30"
         level="error"
         module="ValidateXbrlDTS.py" line="437"
         args="concept">
Tuple concept %(concept)s must have maxOccurs='1'
</message>

<message code="SBR.NL.2.2.2.31"
         level="error"
         module="ValidateXbrlDTS.py" line="441"
         args="concept">
Abstract concept %(concept)s must not be a child of a tuple
</message>

<message code="SBR.NL.2.2.2.33"
         level="error"
         module="ValidateXbrlDTS.py" line="452"
         args="element attrName">
Schema %(element)s must have %(attrName)s = &quot;1&quot;
</message>

<message code="SBR.NL.2.2.3.01"
         level="error"
         module="ValidateXbrlDTS.py" line="590"
         args="element value">
%(element)s usedOn must not be link:calculationLink
</message>

<message code="SBR.NL.2.2.3.02"
         level="error"
         module="ValidateXbrlDTS.py" line="596"
         args="element usedOn role">
%(element)s usedOn %(usedOn)s not addressed for role %(role)s
</message>

<message code="SBR.NL.2.2.3.03"
         level="error"
         module="ValidateFilingDTS.py" line="464"
         args="roleType">
Link RoleType %(roleType)s missing a generic standard label
</message>

<message code="SBR.NL.2.2.3.04"
         level="error"
         module="ValidateFilingDTS.py" line="469"
         args="roleType definition label">
Link RoleType %(roleType)s definition does not match NL standard generic label, 
definition: %(definition)s 
NL label: %(label)s
</message>

<message code="SBR.NL.2.2.3.05"
         level="error"
         module="ValidateFilingDimensions.py" line="169"
         args="linkrole hypercube arcrole fromConcept toConcept">
ELR role %(linkrole)s, has hypercube %(hypercube)s and a %(arcrole)s relationship not involving the hypercube, from %(fromConcept)s to %(toConcept)s
</message>

<message code="SBR.NL.2.2.3.06"
         level="error"
         module="ValidateFiling.py" line="1203"
         args="linkrole">
Presentation linkrole %(linkrole)s missing order number relationship set
</message>

<message code="SBR.NL.2.2.3.06"
         level="error"
         module="ValidateFiling.py" line="1211"
         args="order linkrole otherLinkrole">
Presentation linkrole order number %(order)s of %(linkrole)s also used in %(otherLinkrole)s
</message>

<message code="SBR.NL.2.2.3.06"
         level="error"
         module="ValidateFiling.py" line="1217"
         args="linkrole">
Presentation linkrole %(linkrole)s missing order number
</message>

<message code="SBR.NL.2.2.3.07"
         level="error"
         module="ValidateFilingDTS.py" line="473"
         args="roleType definition">
Link RoleType %(roleType)s definition has leading or trailing spaces: &quot;%(definition)s&quot;
</message>

<message code="SBR.NL.2.2.4.01"
         level="error"
         module="ValidateFilingDTS.py" line="514"
         args="arcroleURI">
Arcrole type definition is not allowed: %(arcroleURI)s
</message>

<message code="SBR.NL.2.2.4.01"
         level="error"
         module="ValidateXbrlDTS.py" line="560"
         args="roleURI">
ArcroleType is not allowed %(roleURI)s
</message>

<message code="SBR.NL.2.2.4.02"
         level="error"
         module="ValidateFiling.py" line="1227"
         args="arcrole">
ArcroleType missing nl or en generic label: %(arcrole)s
</message>

<message code="SBR.NL.2.2.5.01"
         level="error"
         module="ValidateFilingDTS.py" line="392"
         args="concept">
Link:part concept %(concept)s is not allowed
</message>

<message code="SBR.NL.2.2.5.01"
         level="error"
         module="ValidateXbrlDTS.py" line="728"
         args="element">
Link part %(element)s is not authorized
</message>

<message code="SBR.NL.2.2.5.02"
         level="error"
         module="ValidateFilingDTS.py" line="396"
         args="concept">
Link part definition %(concept)s must have a generic label in language 'nl'
</message>

<message code="SBR.NL.2.2.7.02"
         level="error"
         module="ValidateFiling.py" line="884"
         args="typename facets">
Type %(typename)s has length restriction facets %(facets)s
</message>

<message code="SBR.NL.2.2.7.04"
         level="error"
         module="ValidateFiling.py" line="888"
         args="concept">
Concept %(concept)s has enumeration and is not based on stringItemType
</message>

<message code="SBR.NL.2.2.8.01"
         level="error"
         module="ValidateFiling.py" line="1234"
         args="concept">
Typed dimension domain element %(concept)s must have a generic label
</message>

<message code="SBR.NL.2.2.8.02"
         level="error"
         module="ValidateFiling.py" line="1238"
         args="concept">
Typed dimension domain element %(concept)s has disallowed complex content
</message>

<message code="SBR.NL.2.3.0.01"
         level="error"
         module="ValidateXbrlDTS.py" line="673"
         args="">
Xlink 1.1 simple type is not allowed (xlink:type is missing)
</message>

<message code="SBR.NL.2.3.0.07"
         level="error"
         module="ValidateXbrlDTS.py" line="1134"
         args="schemaLocation">
Linkbase element must not have schemaLocation entry for %(schemaLocation)s
</message>

<message code="SBR.NL.2.3.0.10"
         level="error"
         module="ValidateXbrlDTS.py" line="1063"
         args="arc">
%(arc)s must not contain use='prohibited'
</message>

<message code="SBR.NL.2.3.0.11"
         level="error"
         module="ValidateXbrlDTS.py" line="1075"
         args="element element2">
Arc element %(element)s may not be contained in a linkbase with %(element2)s
</message>

<message code="SBR.NL.2.3.0.11"
         level="error"
         module="ValidateXbrlDTS.py" line="936"
         args="element element2">
Extended element %(element)s must be the same as %(element2)s
</message>

<message code="SBR.NL.2.3.0.11"
         level="error"
         module="ValidateXbrlDTS.py" line="941"
         args="element element2">
Loc element %(element)s may not be contained in a linkbase with %(element2)s
</message>

<message code="SBR.NL.2.3.0.11"
         level="error"
         module="ValidateXbrlDTS.py" line="985"
         args="element element2">
Resource element %(element)s may not be contained in a linkbase with %(element2)s
</message>

<message code="SBR.NL.2.3.0.12"
         level="error"
         module="ValidateXbrlDTS.py" line="261"
         args="">
Linkbase has no relationships
</message>

<message code="SBR.NL.2.3.10.08"
         level="error"
         module="ValidateXbrlDTS.py" line="1121"
         args="xlinkLabel">
Loc %(xlinkLabel)s has unauthorized role attribute
</message>

<message code="SBR.NL.2.3.10.11"
         level="error"
         module="ValidateXbrlDTS.py" line="1117"
         args="roleURI">
RoleType %(roleURI)s missing id attribute
</message>

<message code="SBR.NL.2.3.10.13"
         level="error"
         module="ValidateXbrlDTS.py" line="722"
         args="element xlinkRole">
Extended link %(element)s must have a standard xlink:role attribute (%(xlinkRole)s)
</message>

<message code="SBR.NL.2.3.10.13"
         level="error"
         module="ValidateXbrlDTS.py" line="784"
         args="element">
Extended link %(element)s must have an xlink:role attribute
</message>

<message code="SBR.NL.2.3.10.14"
         level="error"
         module="ValidateXbrlDTS.py" line="953"
         args="xlinkLabel role">
Resource %(xlinkLabel)s role %(role)s is not a standard taxonomy role
</message>

<message code="SBR.NL.2.3.2.07"
         level="error"
         module="ValidateFiling.py" line="1118"
         args="elementFrom elementTo linkrole arcrole">
The source and target of an arc must be in the DTS from %(elementFrom)s to %(elementTo)s, in linkrole %(linkrole)s, arcrole %(arcrole)s
</message>

<message code="SBR.NL.2.3.3.01"
         level="error"
         module="ValidateXbrlDTS.py" line="960"
         args="xlinkLabel element">
Reference %(xlinkLabel)s has unauthorized part element %(element)s
</message>

<message code="SBR.NL.2.3.3.02"
         level="error"
         module="ValidateXbrlDTS.py" line="966"
         args="xlinkLabel">
Reference %(xlinkLabel)s is missing an id attribute
</message>

<message code="SBR.NL.2.3.3.03"
         level="error"
         module="ValidateXbrlDTS.py" line="970"
         args="xlinkLabel id otherLinkbase">
Reference %(xlinkLabel)s has duplicated id %(id)s also in linkbase %(otherLinkbase)s
</message>

<message code="SBR.NL.2.3.3.05"
         level="error"
         module="ValidateXbrlDTS.py" line="1053"
         args="xlinkFrom xlinkTo">
ReferenceArc from %(xlinkFrom)s to %(xlinkTo)s has an order
</message>

<message code="SBR.NL.2.3.4.01"
         level="error"
         module="ValidateFiling.py" line="871"
         args="concept missingQname">
Tuple %(concept)s has mismatch between content and presentation children: %(missingQname)s.
</message>

<message code="SBR.NL.2.3.4.03"
         level="error"
         module="ValidateFiling.py" line="982"
         args="">
Preferred label on presentation relationships not allowed
</message>

<message code="SBR.NL.2.3.4.04"
         level="error"
         module="ValidateXbrlDTS.py" line="1008"
         args="xlinkFrom xlinkTo">
PresentationArc from %(xlinkFrom)s to %(xlinkTo)s must have an order
</message>

<message code="SBR.NL.2.3.4.05"
         level="error"
         module="ValidateFiling.py" line="1005"
         args="conceptFrom order linkrole conceptTo conceptTo2">
Duplicate presentation relations from concept %(conceptFrom)s for order %(order)s in base set role %(linkrole)s to concept %(conceptTo)s and to concept %(conceptTo2)s
</message>

<message code="SBR.NL.2.3.4.06"
         level="error"
         module="ValidateFiling.py" line="1014"
         args="conceptFrom linkrole conceptTo">
Non-distinguished preferredLabel presentation relations from concept %(conceptFrom)s in base set role %(linkrole)s
</message>

<message code="SBR.NL.2.3.4.06"
         level="error"
         module="ValidateFiling.py" line="953"
         args="arc linkrole arcrole conceptFrom conceptTo ineffectivity">
Ineffective arc %(arc)s in 
link role %(linkrole)s 
arcrole %(arcrole)s 
from %(conceptFrom)s 
to %(conceptTo)s 
%(ineffectivity)s
</message>

<message code="SBR.NL.2.3.4.06"
         level="error"
         module="ValidateFiling.py" line="993"
         args="concept preferredLabel linkrole">
Concept %(concept)s has duplicate preferred label %(preferredLabel)s in link role %(linkrole)s
</message>

<message code="SBR.NL.2.3.5.01"
         level="error"
         module="ValidateFilingDimensions.py" line="389"
         args="hypercube ELR concept linkrole">
Primary items for hypercube %(hypercube)s ELR %(ELR)s, have non-unique (inheritance) member %(concept)s in DRS role %(linkrole)s
</message>

<message code="SBR.NL.2.3.5.02"
         level="error"
         module="ValidateFilingDimensions.py" line="260"
         args="hypercube linkrole linkrole2 dimensions">
Hypercube %(hypercube)s has same dimensions in ELR roles %(linkrole)s and %(linkrole2)s: %(dimensions)s
</message>

<message code="SBR.NL.2.3.5.04"
         level="error"
         module="ValidateFilingDimensions.py" line="67"
         args="hypercube linkrole dimension">
Hypercube %(hypercube)s in DRS role %(linkrole)s, missing targetrole to dimension %(dimension)s consecutive relationship
</message>

<message code="SBR.NL.2.3.5.05"
         level="error"
         module="ValidateFilingDimensions.py" line="154"
         args="primaryItem linkrole hypercube">
Notall from primary item %(primaryItem)s in ELR role %(linkrole)s to %(hypercube)s
</message>

<message code="SBR.NL.2.3.5.06"
         level="error"
         module="ValidateFiling.py" line="183"
         args="elementName context">
%(elementName)s element not allowed in context Id: %(context)s
</message>

<message code="SBR.NL.2.3.5.06"
         level="error"
         module="ValidateFilingDimensions.py" line="150"
         args="linkrole hypercube">
hypercube %(hypercube)s in segment not allowed, ELR role %(linkrole)s
</message>

<message code="SBR.NL.2.3.5.07"
         level="error"
         module="ValidateFilingDimensions.py" line="72"
         args="dimension linkrole">
Typed dimension %(dimension)s in DRS role %(linkrole)s, has targetrole consecutive relationship
</message>

<message code="SBR.NL.2.3.6.02"
         level="error"
         module="ValidateFilingDimensions.py" line="214"
         args="dimension linkroles">
Dimension %(dimension)s  usable members same in linkroles %(linkroles)s
</message>

<message code="SBR.NL.2.3.6.03"
         level="error"
         module="ValidateFilingDimensions.py" line="199"
         args="dimension linkrole">
Dimension %(dimension)s in DRS role %(linkrole)s, missing targetrole to consecutive domain relationship
</message>

<message code="SBR.NL.2.3.6.04"
         level="error"
         module="ValidateFilingDimensions.py" line="36"
         args="hypercube linkrole">
All hypercube %(hypercube)s in DRS role %(linkrole)s, does not have closed='true'
</message>

<message code="SBR.NL.2.3.6.05"
         level="error"
         module="ValidateFiling.py" line="1105"
         args="conceptFrom conceptTo linkrole">
Dimension-default in from %(conceptFrom)s to %(conceptTo)s in role %(linkrole)s is not allowed
</message>

<message code="SBR.NL.2.3.7.01"
         level="error"
         module="ValidateFilingDimensions.py" line="396"
         args="concept linkrole hypercube concept2">
Primary item %(concept)s in DRS role %(linkrole)s for hypercube %(hypercube)s, has parent %(concept2)s which is not a primaryDomainItem
</message>

<message code="SBR.NL.2.3.7.02"
         level="error"
         module="ValidateFilingDimensions.py" line="191"
         args="dimension linkrole domain">
Dimension %(dimension)s in DRS role %(linkrole)s, has nonAbsract domain %(domain)s
</message>

<message code="SBR.NL.2.3.7.03"
         level="error"
         module="ValidateFilingDimensions.py" line="220"
         args="member linkrole">
Domain member %(member)s in DRS role %(linkrole)s, has nested members
</message>

<message code="SBR.NL.2.3.7.04"
         level="error"
         module="ValidateFilingDimensions.py" line="204"
         args="linkrole domains">
Linkrole %(linkrole)s, has multiple domains %(domains)s
</message>

<message code="SBR.NL.2.3.7.05"
         level="error"
         module="ValidateFilingDimensions.py" line="187"
         args="dimension linkrole domain">
Dimension %(dimension)s in DRS role %(linkrole)s, has usable domain with members %(domain)s
</message>

<message code="SBR.NL.2.3.8.03"
         level="error"
         module="ValidateFiling.py" line="1313"
         args="concept role">
Concept %(concept)s has label for semantical role %(role)s.
</message>

<message code="SBR.NL.2.3.8.05"
         level="error"
         module="ValidateFiling.py" line="1319"
         args="concept role">
Concept %(concept)s has en but no nl label in role %(role)s.
</message>

<message code="SBR.NL.2.3.8.05"
         level="error"
         module="ValidateXbrlDTS.py" line="567"
         args="roleURI">
RoleType %(roleURI)s must have a label in lang &quot;nl&quot;
</message>

<message code="SBR.NL.2.3.8.07"
         level="error"
         module="ValidateFiling.py" line="820"
         args="concept role text">
Label for concept %(concept)s role %(role)s has disallowed characters: &quot;%(text)s&quot;
</message>

<message code="SBR.NL.2.3.8.08"
         level="error"
         module="ValidateXbrlDTS.py" line="1079"
         args="order">
labelArc may not be contain order (%(order)s)
</message>

<message code="SBR.NL.2.3.9.01"
         level="error"
         module="ValidateFiling.py" line="1081"
         args="linkrole">
Calculation linkbase linkrole %(linkrole)s
</message>

<message code="SBR.NL.2.3.9.03"
         level="error"
         module="ValidateFormula.py" line="324"
         args="xlinkLabel">
Formula:formula %(xlinkLabel)s is not allowed
</message>

<message code="US-BPG.2.4.1"
         level="warning-semantic"
         module="examples/plugin/validateUSBestPractices.py" line="107"
         args="fact contextID unitID value insignificantValue">
Decimal disagreement %(fact)s in context %(contextID)s unit %(unitID)s value %(value)s has insignificant value %(insignificantValue)s
</message>

<message code="US-BPG.2.5.1"
         level="warning-semantic"
         module="examples/plugin/validateUSBestPractices.py" line="118"
         args="fact contextID value">
Disclosure %(fact)s in context %(contextID)s value %(value)s is a fraction
</message>

<message code="US-BPG.testingException"
         level="warning-semantic"
         module="examples/plugin/validateUSBestPractices.py" line="137"
         args="fact contextID unitID value err">
%(fact)s in context %(contextID)s unit %(unitID)s value %(value)s cannot be tested due to: %(err)s
</message>

<message code="US-BPG:missingCalculation"
         level="warning-semantic"
         module="examples/plugin/validateUSBestPractices.py" line="236"
         args="">
(dynamic)
</message>

<message code="arelle.rssError"
         level="error"
         module="WatchRss.py" line="192"
         args="modelXbrl company form date error exc_info">
RSS item %(company)s, %(form)s, %(date)s, exception: %(error)s
</message>

<message code="arelle.rssInfo"
         level="info"
         module="WatchRss.py" line="141"
         args="modelXbrl">
(dynamic)
</message>

<message code="arelle.rssWatch"
         level="error"
         module="WatchRss.py" line="116"
         args="modelXbrl company form date">
RSS item %(company)s %(form)s document not loaded: %(date)s
</message>

<message code="arelle:eventNotRecognized"
         level="info"
         module="ValidateVersReport.py" line="300"
         args="action event">
%(action)s %(event)s event is not recognized
</message>

<message code="arelle:firstFactListColumn"
         level="error"
         module="ViewFileFactList.py" line="40"
         args="modelXbrl col1">
First column must be Label or Name: %(col1)s
</message>

<message code="arelle:hrefWarning"
         level="warning"
         module="ModelDocument.py" line="755"
         args="modelObejct">
Locator href attribute missing or malformed in non-standard extended link
</message>

<message code="arelle:htmlIOError"
         level="exception"
         module="ViewFile.py" line="271"
         args="file type error">
Failed to save output %(type)s to %(file)s: \s%(error)s
</message>

<message code="arelle:info"
         level="info"
         module="ValidateXbrl.py" line="441"
         args="count namespace">
%(count)s facts have deprecated transformation namespace %(namespace)s
</message>

<message code="arelle:infosetTest"
         level="error"
         module="ValidateInfoset.py" line="101"
         args="expectedLabel foundLabel">
Label expected='%(expectedLabel)s', found='%(foundLabel)s'
</message>

<message code="arelle:infosetTest"
         level="error"
         module="ValidateInfoset.py" line="113"
         args="expectedRef foundRef">
Reference inner text expected='%(expectedRef)s, found='%(foundRef)s'
</message>

<message code="arelle:infosetTest"
         level="error"
         module="ValidateInfoset.py" line="120"
         args="linkType text linkRole">
%(linkType)s not found containing '%(text)s' linkRole %(linkRole)s
</message>

<message code="arelle:infosetTest"
         level="error"
         module="ValidateInfoset.py" line="126"
         args="toPath">
Arc toPath not found: %(toPath)s
</message>

<message code="arelle:infosetTest"
         level="error"
         module="ValidateInfoset.py" line="144"
         args="fromPath toPath arcRole linkRole">
Arc not found: from %(toPath)s, to %(toPath)s, role %(arcRole)s, linkRole $(extRole)s
</message>

<message code="arelle:infosetTest"
         level="error"
         module="ValidateInfoset.py" line="157"
         args="sPointer qnElt factQname">
Fact %(sPointer)s mismatch Qname, expected %(qnElt)s, observed %(factQname)s
</message>

<message code="arelle:infosetTest"
         level="error"
         module="ValidateInfoset.py" line="161"
         args="sPointer qnElt">
Fact %(sPointer)s has no context: %(qnElt)s
</message>

<message code="arelle:infosetTest"
         level="error"
         module="ValidateInfoset.py" line="176"
         args="sPointer qnElt qnDim">
Fact %(sPointer)s (qnElt)s dimension mismatch %(qnDim)s
</message>

<message code="arelle:infosetTest"
         level="error"
         module="ValidateInfoset.py" line="180"
         args="sPointer qnElt">
Fact %(sPointer)s (qnElt)s dimensions count mismatch
</message>

<message code="arelle:infosetTest"
         level="error"
         module="ValidateInfoset.py" line="184"
         args="test error">
Invalid entity fact dimensions infoset sPointer: %(test)s, error details: %(error)s
</message>

<message code="arelle:infosetTest"
         level="error"
         module="ValidateInfoset.py" line="21"
         args="foundFactCount expectedFactCount">
Fact counts mismatch, testcase instance %(foundFactCount)s, infoset instance %(expectedFactCount)s
</message>

<message code="arelle:infosetTest"
         level="error"
         module="ValidateInfoset.py" line="39"
         args="factNumber concept">
Fact %(factNumber)s mismatch %(concept)s
</message>

<message code="arelle:infosetTest"
         level="error"
         module="ValidateInfoset.py" line="50"
         args="factNumber concept expectedPeriodType foundPeriodType">
Fact %(factNumber)s periodType mismatch %(concept)s expected %(expectedPeriodType)s found %(foundPeriodType)s
</message>

<message code="arelle:infosetTest"
         level="error"
         module="ValidateInfoset.py" line="58"
         args="factNumber concept expectedBalance foundBalance">
Fact %(factNumber)s balance mismatch %(concept)s expected %(expectedBalance)s found %(foundBalance)s
</message>

<message code="arelle:infosetTest"
         level="error"
         module="ValidateInfoset.py" line="66"
         args="factNumber concept expectedDecimals inferredDecimals">
Fact %(factNumber)s inferred decimals mismatch %(concept)s expected %(expectedDecimals)s found %(inferredDecimals)s
</message>

<message code="arelle:infosetTest"
         level="error"
         module="ValidateInfoset.py" line="74"
         args="factNumber concept expectedPrecisions inferredPrecision">
Fact %(factNumber)s inferred precision mismatch %(concept)s expected %(expectedPrecision)s found %(inferredPrecision)s
</message>

<message code="arelle:infosetTest"
         level="error"
         module="ValidateInfoset.py" line="90"
         args="fromPath">
Arc fromPath not found: %(fromPath)s
</message>

<message code="arelle:internalException"
         level="info"
         module="ViewWinTree.py" line="139"
         args="error">
Exception creating context menu: %(error)s
</message>

<message code="arelle:multipleOutputInstances"
         level="info"
         module="ValidateFormula.py" line="314"
         args="xlinkLabel instanceTo instanceTo2">
Multiple output instances for formula %(xlinkLabel)s, to names %(instanceTo)s, %(instanceTo2)s
</message>

<message code="arelle:nonNegFactTestException"
         level="warning-semantic"
         module="examples/plugin/validateSecTagging.py" line="199"
         args="fact contextID unitID value elrTypes">
%(fact)s in context %(contextID)s unit %(unitID)s value %(value)s%(elrTypes)s cannot be tested nonnegative
</message>

<message code="arelle:notLoaded"
         level="error"
         module="Validate.py" line="142"
         args="modelXbrl id name file">
Testcase %(id)s %(name)s document not loaded: %(file)s
</message>

<message code="arelle:notLoaded"
         level="error"
         module="Validate.py" line="176"
         args="modelXbrl id name file">
Testcase %(id)s %(name)s DTSes not loaded, unable to generate versioning report: %(file)s
</message>

<message code="arelle:notLoaded"
         level="error"
         module="Validate.py" line="204"
         args="modelXbrl id name file">
Testcase %(id)s %(name)s result infoset not loaded: %(file)s
</message>

<message code="arelle:notLoaded"
         level="error"
         module="Validate.py" line="239"
         args="modelXbrl id name file">
Testcase %(id)s %(name)s expected result instance not loaded: %(file)s
</message>

<message code="arelle:notLoaded"
         level="error"
         module="examples/plugin/validateUSBestPractices.py" line="36"
         args="modelXbrl file">
US-GAAP documentation not loaded: %(file)s
</message>

<message code="arelle:notLoaded"
         level="error"
         module="examples/plugin/validateUSBestPractices.py" line="69"
         args="modelXbrl file">
US-GAAP calculations not loaded: %(file)s
</message>

<message code="arelle:notValdated"
         level="info"
         module="Validate.py" line="57"
         args="modelXbrl file">
Validation skipped, document not successfully loaded: %(file)s
</message>

<message code="arelle:rssWatch"
         level="info"
         module="WatchRss.py" line="176"
         args="modelXbrl">
(dynamic)
</message>

<message code="arelle:unrecognizedFactListColumn"
         level="error"
         module="ViewFileFactList.py" line="30"
         args="modelXbrl cols">
Unrecognized columns: %(cols)s
</message>

<message code="arelle:unrecognizedTestReportColumn"
         level="error"
         module="ViewFileTests.py" line="29"
         args="modelXbrl cols">
Unrecognized columns: %(cols)s
</message>

<message code="arelle:variableSetFilterCovered"
         level="warning"
         module="ValidateFormula.py" line="500"
         args="xlinkLabel filterLabel">
Variable set %(xlinkLabel)s, filter %(filterLabel)s, cannot be covered
</message>

<message code="arelleLinfo"
         level="info"
         module="ModelXbrl.py" line="516"
         args="priItem">
Create context for %(priItem)s, cannot determine valid context elements, no suitable hypercubes
</message>

<message code="arelleLinfo"
         level="info"
         module="ModelXbrl.py" line="537"
         args="dimension">
Create context, %(dimension)s, cannot determine context element, either no all relationship or validation issue
</message>

<message code="asrtNoLog"
         level="(dynamic)"
         module="ValidateFormula.py" line="746"
         args="assertionResults">
(dynamic)
</message>

<message code="cfcn:testFail"
         level="error"
         module="ValidateFormula.py" line="130"
         args="name result">
Test %(name)s result %(result)s
</message>

<message code="cfcn:testPass"
         level="info"
         module="ValidateFormula.py" line="126"
         args="name result">
Test %(name)s result %(result)s
</message>

<message code="err:XPST0003"
         level="error"
         module="XPathParser.py" line="721"
         args="name error source">
Parse error in %(name)s error: %(error)s 
%(source)s
</message>

<message code="err:XPST0008"
         level="error"
         module="ValidateFormula.py" line="1083"
         args="xlinkLabel name">
Undefined variable dependency in message %(xlinkLabel)s, %(name)s
</message>

<message code="err:XPST0010"
         level="error"
         module="XPathParser.py" line="96"
         args="axis step">
Axis %(axis)s is not supported in %(step)s
</message>

<message code="err:XPST0081"
         level="error"
         module="XPathParser.py" line="113"
         args="name">
QName prefix not defined for %(name)s
</message>

<message code="err:XPST0081"
         level="error"
         module="XPathParser.py" line="181"
         args="token">
wildcard prefix not defined for %(token)s
</message>

<message code="err:XPST0081"
         level="error"
         module="XPathParser.py" line="291"
         args="variable">
QName prefix not defined for variable reference $%(variable)s
</message>

<message code="exception"
         level="error"
         module="CntlrGenVersReports.py" line="282"
         args="error excelRow exc_info">
Exception: %(error)s, Excel row: %(excelRow)s
</message>

<message code="exception"
         level="error"
         module="Validate.py" line="67"
         args="modelXbrl testcase error exc_info">
Testcase validation exception: %(error)s, testcase: %(testcase)s
</message>

<message code="exception"
         level="error"
         module="Validate.py" line="77"
         args="modelXbrl reportFile error exc_info">
Versioning report exception: %(error)s, testcase: %(reportFile)s
</message>

<message code="exception"
         level="error"
         module="Validate.py" line="88"
         args="modelXbrl instance error exc_info">
Instance validation exception: %(error)s, instance: %(instance)s
</message>

<message code="exception"
         level="error"
         module="examples/plugin/saveInfoset.py" line="72"
         args="error modelXbrl exc_info">
Infoset generation exception: %(error)s
</message>

<message code="exception"
         level="error"
         module="examples/plugin/saveSKOS.py" line="186"
         args="error modelXbrl exc_info">
SKOS generation exception: %(error)s
</message>

<message code="exception"
         level="error"
         module="examples/plugin/updateTableLB.py" line="207"
         args="error modelXbrl exc_info">
Updated table linkbase generation exception: %(error)s
</message>

<message code="exception"
         level="error"
         module="examples/plugin/validateSecTagging.py" line="297"
         args="error modelXbrl exc_info">
SEC DTS Tags Matches exception: %(error)s
</message>

<message code="exception"
         level="exception"
         module="ViewWinXml.py" line="41"
         args="error exc_info">
Validation exception: \s%(error)s
</message>

<message code="formula:expectedFactMissing"
         level="error"
         module="Validate.py" line="258"
         args="modelXbrl fact">
Formula output missing expected fact %(fact)s
</message>

<message code="formula:internalError"
         level="error"
         module="ModelFormulaObject.py" line="196"
         args="element">
Invalid formula object %(element)s
</message>

<message code="formula:maxRunTime"
         level="info"
         module="ValidateFormula.py" line="718"
         args="mins">
Formula execution ended after %(mins)s minutes
</message>

<message code="formula:resultFactCounts"
         level="error"
         module="Validate.py" line="246"
         args="modelXbrl countFacts expectedFacts">
Formula output %(countFacts)s facts, expected %(expectedFacts)s facts
</message>

<message code="formula:time"
         level="info"
         module="FormulaEvaluator.py" line="120"
         args="xlinkLabel count time">
Variable set %(xlinkLabel)s skipped evaluation %(count)s: %(time)s sec
</message>

<message code="formula:time"
         level="info"
         module="FormulaEvaluator.py" line="144"
         args="xlinkLabel count time">
Variable set %(xlinkLabel)s precondition blocked evaluation %(count)s: %(time)s sec
</message>

<message code="formula:time"
         level="info"
         module="FormulaEvaluator.py" line="187"
         args="xlinkLabel count time">
Variable set %(xlinkLabel)s completed evaluation %(count)s: %(time)s sec
</message>

<message code="formula:time"
         level="info"
         module="FormulaEvaluator.py" line="68"
         args="xlinkLabel count time">
Variable set %(xlinkLabel)s time for %(count)s evaluations: %(time)s
</message>

<message code="formula:trace"
         level="info"
         module="FormulaConsisAsser.py" line="105"
         args="id result">
Consistency assertion %(id)s result %(result)s
</message>

<message code="formula:trace"
         level="info"
         module="FormulaConsisAsser.py" line="25"
         args="id xlinkLabel derivedFact">
Consistency assertion %(id)s formula %(xlinkLabel)s fact %(derivedFact)s has zero precision and no radius is defined, skipping consistency assertion
</message>

<message code="formula:trace"
         level="info"
         module="FormulaConsisAsser.py" line="51"
         args="id xlinkLabel derivedFact">
Consistency assertion %(id)s formula %(xlinkLabel)s no input facts matched to %(derivedFact)s, skipping consistency assertion
</message>

<message code="formula:trace"
         level="info"
         module="FormulaConsisAsser.py" line="79"
         args="id xlinkLabel derivedFact">
Consistency assertion %(id)s formula %(xlinkLabel)s input fact matched to %(derivedFact)s has zero precision and no radius, skipping consistency assertion
</message>

<message code="formula:trace"
         level="info"
         module="FormulaEvaluator.py" line="105"
         args="xlinkLabel">
Variable set %(xlinkLabel)s skipped evaluation, all fact variables have fallen back
</message>

<message code="formula:trace"
         level="info"
         module="FormulaEvaluator.py" line="114"
         args="xlinkLabel">
Variable set %(xlinkLabel)s skipped non-different or fallback evaluation, duplicates another evaluation
</message>

<message code="formula:trace"
         level="info"
         module="FormulaEvaluator.py" line="137"
         args="xlinkLabel precondition result">
Variable set %(xlinkLabel)s 
Precondition %(precondition)s 
Result: %(result)s
</message>

<message code="formula:trace"
         level="info"
         module="FormulaEvaluator.py" line="173"
         args="variableSetType xlinkLabel result">
%(variableSetType)s %(xlinkLabel)s 
Result: 
%(result)s
</message>

<message code="formula:trace"
         level="info"
         module="FormulaEvaluator.py" line="234"
         args="variable factCount">
Fact Variable %(variable)s: start with %(factCount)s facts previously cached after explicit filters
</message>

<message code="formula:trace"
         level="info"
         module="FormulaEvaluator.py" line="247"
         args="variable factCount">
Fact Variable %(variable)s: start with %(factCount)s facts previously cached before variable filters
</message>

<message code="formula:trace"
         level="info"
         module="FormulaEvaluator.py" line="254"
         args="variable factCount">
Fact Variable %(variable)s filtering: start with %(factCount)s facts
</message>

<message code="formula:trace"
         level="info"
         module="FormulaEvaluator.py" line="282"
         args="variable result">
Fact Variable %(variable)s: filters result %(result)s
</message>

<message code="formula:trace"
         level="info"
         module="FormulaEvaluator.py" line="288"
         args="variable result">
Fact Variable %(variable)s: fallbackValue result %(result)s
</message>

<message code="formula:trace"
         level="info"
         module="FormulaEvaluator.py" line="302"
         args="variable result">
General Variable %(variable)s: select result %(result)s
</message>

<message code="formula:trace"
         level="info"
         module="FormulaEvaluator.py" line="321"
         args="variableType variable result">
%(variableType)s %(variable)s: bound value %(result)s
</message>

<message code="formula:trace"
         level="info"
         module="FormulaEvaluator.py" line="350"
         args="variable filterType filter xlinkLabel factCount">
Fact Variable %(variable)s %(filterType)s %(filter)s filter %(xlinkLabel)s passes %(factCount)s facts
</message>

<message code="formula:trace"
         level="info"
         module="FormulaEvaluator.py" line="380"
         args="variable aspect factCount">
Fact Variable %(variable)s implicit filter %(aspect)s passes %(factCount)s facts
</message>

<message code="formula:trace"
         level="info"
         module="FormulaEvaluator.py" line="57"
         args="xlinkLabel result">
Existence Assertion %(xlinkLabel)s 
Result: %(result)s
</message>

<message code="formula:trace"
         level="info"
         module="FormulaEvaluator.py" line="64"
         args="xlinkLabel">
Variable set %(xlinkLabel)s had no xpCtx.evaluations
</message>

<message code="formula:trace"
         level="info"
         module="FormulaEvaluator.py" line="79"
         args="xlinkLabel evaluations variables">
Variable set %(xlinkLabel)s evaluations: %(evaluations)s x %(variables)s
</message>

<message code="formula:trace"
         level="info"
         module="FunctionCustom.py" line="49"
         args="cfi step expression">
%(cfi)s step %(step)s 
Expression: 
%(expression)s
</message>

<message code="formula:trace"
         level="info"
         module="FunctionCustom.py" line="55"
         args="cfi step expression">
%(cfi)s step %(step)s 
Result: 
%(expression)s
</message>

<message code="formula:trace"
         level="info"
         module="FunctionCustom.py" line="64"
         args="cfi expression">
%(cfi)s output 
Expression: 
%(expression)s
</message>

<message code="formula:trace"
         level="info"
         module="FunctionCustom.py" line="70"
         args="cfi expression">
%(cfi)s output 
Result: 
%(expression)s
</message>

<message code="formula:trace"
         level="info"
         module="ValidateFormula.py" line="116"
         args="name result">
%(name)s result %(result)s
</message>

<message code="formula:trace"
         level="info"
         module="ValidateFormula.py" line="245"
         args="name input">
Parameter %(name)s input value %(input)s
</message>

<message code="formula:trace"
         level="info"
         module="ValidateFormula.py" line="251"
         args="name result">
Parameter %(name)s select result %(result)s
</message>

<message code="formula:trace"
         level="info"
         module="ValidateFormula.py" line="385"
         args="xlinkLabel name dependencies">
Variable set %(xlinkLabel)s, variable %(name)s, dependences %(dependencies)s
</message>

<message code="formula:trace"
         level="info"
         module="ValidateFormula.py" line="453"
         args="xlinkLabel dependencies">
Variable set %(xlinkLabel)s, variables order: %(dependencies)s
</message>

<message code="formula:trace"
         level="info"
         module="ValidateFormula.py" line="459"
         args="xlinkLabel dependencies">
Variable set %(xlinkLabel)s, instance dependences %(dependencies)s
</message>

<message code="formula:trace"
         level="info"
         module="ValidateFormula.py" line="580"
         args="dependencies">
Variable instances processing order: %(dependencies)s
</message>

<message code="formula:trace"
         level="info"
         module="ValidateFormula.py" line="679"
         args="modelXbrl ids">
Formua/assertion IDs restriction: %(ids)s
</message>

<message code="formula:trace"
         level="info"
         module="ValidateFormula.py" line="728"
         args="assertionType id satisfiedCount notSatisfiedCount">
%(assertionType)s Assertion %(id)s evaluations : %(satisfiedCount)s satisfied, %(notSatisfiedCount)s not satisfied
</message>

<message code="formula:trace"
         level="info"
         module="ValidateFormula.py" line="740"
         args="id satisfiedCount notSatisfiedCount">
Consistency Assertion %(id)s evaluations : %(satisfiedCount)s satisfied, %(notSatisfiedCount)s not satisfied
</message>

<message code="formula:trace"
         level="info"
         module="XPathParser.py" line="700"
         args="name source">
Source %(name)s %(source)s
</message>

<message code="formula:trace"
         level="info"
         module="XPathParser.py" line="715"
         args="name source">
Code %(name)s %(source)s
</message>

<message code="genTblLB:noInputTables"
         level="error"
         module="examples/plugin/updateTableLB.py" line="22"
         args="entryFile">
DTS does not contain Eurofiling 2010 tables and axes: %(entryFile)s.
</message>

<message code="genTblLB:outFileIsArchive"
         level="error"
         module="examples/plugin/updateTableLB.py" line="15"
         args="tableLBOutputFile">
Updated Table Linkbase file cannot be an archive: %(tableLBOutputFile)s.
</message>

<message code="info"
         level="info"
         module="ModelXbrl.py" line="996"
         args="entryFile packageOutputFile numberOfFiles">
DTS of %(entryFile)s has %(numberOfFiles)s files packaged into %(packageOutputFile)s
</message>

<message code="info"
         level="info"
         module="Validate.py" line="110"
         args="id name expected">
Variation %(id)s %(name)s: %(expected)s
</message>

<message code="info"
         level="info"
         module="Validate.py" line="97"
         args="modelDocument">
Testcase
</message>

<message code="info"
         level="info"
         module="ValidateFormula.py" line="146"
         args="error">
Formula validation skipped due to %(error)s error
</message>

<message code="info"
         level="info"
         module="ValidateXbrlCalcs.py" line="42"
         args="inferMode">
Validating calculations inferring %(inferMode)s
</message>

<message code="info"
         level="info"
         module="ViewFile.py" line="269"
         args="file type">
Saved output %(type)s to %(file)s
</message>

<message code="info"
         level="info"
         module="examples/plugin/hello_dolly.py" line="44"
         args="">
(dynamic)
</message>

<message code="info:duplicatedSchema"
         level="warning"
         module="ModelDocument.py" line="160"
         args="targetNamespace fileName otherFileName">
Schema file with same targetNamespace %(targetNamespace)s loaded from %(fileName)s and %(otherFileName)s
</message>

<message code="info:lxmlSchemaValidator"
         level="info"
         module="examples/plugin/validateSchemaLxml.py" line="78"
         args="">
(dynamic)
</message>

<message code="info:lxmlSchemaValidator"
         level="info"
         module="examples/plugin/validateSchemaLxml.py" line="87"
         args="modelDocument">
(dynamic)
</message>

<message code="info:packageDTS"
         level="info"
         module="examples/plugin/saveDTS.py" line="18"
         args="">
Python's zlib module is not available, output is not compressed.
</message>

<message code="info:packageDTS"
         level="info"
         module="examples/plugin/saveDTS.py" line="30"
         args="entryFile numberOfFiles packageOutputFile">
DTS of %(entryFile)s has %(numberOfFiles)s files packaged into %(packageOutputFile)s.
</message>

<message code="info:profileStats"
         level="info"
         module="ModelXbrl.py" line="928"
         args="profileStats">
(dynamic)
</message>

<message code="info:saveInfoset"
         level="info"
         module="examples/plugin/saveInfoset.py" line="38"
         args="entryFile numberOfFacts infosetOutputFile">
Infoset of %(entryFile)s has %(numberOfFacts)s facts in infoset file %(infosetOutputFile)s.
</message>

<message code="info:saveSKOS"
         level="info"
         module="examples/plugin/saveSKOS.py" line="153"
         args="entryFile numberOfConcepts skosOutputFile">
SKOS of %(entryFile)s has %(numberOfConcepts)s concepts in SKOS RDF file %(skosOutputFile)s.
</message>

<message code="info:saveSecDtsTagMatches"
         level="info-semantic"
         module="examples/plugin/validateSecTagging.py" line="262"
         args="entryFile numberOfTwoWayPriItems numberOfOneWayPriItems numberOfTwoWayMembers secDtsTagMatchesFile">
SecDtsTagMatches entry %(entryFile)s has %(numberOfTwoWayPriItems)s two way primary items, %(numberOfOneWayPriItems)s one way primary items, %(numberOfTwoWayMembers)s two way members in output file %(secDtsTagMatchesFile)s.
</message>

<message code="info:updateTableLinkbase"
         level="info"
         module="examples/plugin/updateTableLB.py" line="174"
         args="entryFile numberOfLinkroles numberOfTables tableLBOutputFile">
Updated Table Linkbase of %(entryFile)s has %(numberOfLinkroles)s linkroles, %(numberOfTables)s tables in file %(tableLBOutputFile)s.
</message>

<message code="ix.13.1.2:tupleOrder"
         level="error"
         module="ValidateXbrl.py" line="434"
         args="fact name order">
Fact %(fact)s must not have an order (%(order)s) unless in a tuple
</message>

<message code="ix.13.1.2:tupleOrder"
         level="error"
         module="ValidateXbrl.py" line="626"
         args="fact tuple">
Fact %(fact)s missing an order in tuple %(tuple)s
</message>

<message code="ix.13.1.2:tupleRecursion"
         level="error"
         module="ValidateXbrl.py" line="622"
         args="fact tuple">
Fact %(fact)s is recursively nested in tuple %(tuple)s
</message>

<message code="ix.13.1.2:tupleRefMissing"
         level="error"
         module="ModelDocument.py" line="905"
         args="tupleRef">
Inline XBRL tupleRef %(tupleRef)s not found
</message>

<message code="ix.14.2:invalidTransformation"
         level="error"
         module="ValidateXbrl.py" line="424"
         args="fact namespace">
Fact %(fact)s has unrecognized transformation namespace %(namespace)s
</message>

<message code="ix.14.2:invalidTransformation"
         level="error"
         module="ValidateXbrl.py" line="428"
         args="fact name">
Fact %(fact)s has unrecognized transformation name %(name)s
</message>

<message code="ixTransform:valueError"
         level="error"
         module="XmlValidate.py" line="89"
         args="element fact transform typeName value">
Inline element %(element)s fact %(fact)s type %(typeName)s transform %(transform)s value error: %(value)s
</message>

<message code="parser:unableToParse"
         level="error"
         module="XPathParser.py" line="728"
         args="name error source">
Parsing terminated in %(name)s due to error: %(error)s 
%(source)s
</message>

<message code="saveInfoset.exception"
         level="error"
         module="examples/plugin/saveInfoset.py" line="30"
         args="fact value error">
Facts exception %(fact)s %(value)s %(error)s.
</message>

<message code="secStaffObservation.nonNegativeFact.inconsistency.C"
         level="inconsistency"
         module="examples/plugin/validateSecTagging.py" line="168"
         args="fact contextID unitID value elrTypes">
Negative fact of an explicit non-negative concept: %(fact)s in context %(contextID)s unit %(unitID)s value %(value)s %(elrTypes)s
</message>

<message code="secStaffObservation.nonNegativeFact.inconsistency.G"
         level="inconsistency"
         module="examples/plugin/validateSecTagging.py" line="194"
         args="fact contextID unitID value elrTypes">
Negative fact of a &quot;presumed by default&quot; non-negative concept: %(fact)s in context %(contextID)s unit %(unitID)s value %(value)s%(elrTypes)s
</message>

<message code="secStaffObservation.nonNegativeFact.info.A"
         level="info-semantic"
         module="examples/plugin/validateSecTagging.py" line="158"
         args="fact contextID unitID value elrTypes">
Negative fact of an explicit non-negative concept is tagged with a member expected to allow negative values: %(fact)s in context %(contextID)s unit %(unitID)s value %(value)s%(elrTypes)s
</message>

<message code="secStaffObservation.nonNegativeFact.info.D"
         level="info-semantic"
         module="examples/plugin/validateSecTagging.py" line="175"
         args="fact contextID unitID value elrTypes">
Negative fact of concept expected to have positive and negative values: %(fact)s in context %(contextID)s unit %(unitID)s value %(value)s%(elrTypes)s
</message>

<message code="secStaffObservation.nonNegativeFact.info.E"
         level="info-semantic"
         module="examples/plugin/validateSecTagging.py" line="184"
         args="fact contextID unitID value elrTypes">
Negative fact for typically non-negative concept, but tagged with a member expected to allow negative values: %(fact)s in context %(contextID)s unit %(unitID)s value %(value)s%(elrTypes)s
</message>

<message code="secStaffObservation.nonNegativeFact.warning.B"
         level="warning-semantic"
         module="examples/plugin/validateSecTagging.py" line="163"
         args="fact contextID unitID value elrTypes">
Negative fact of an explicit non-negative concept, member may or not justify a negative value: %(fact)s in context %(contextID)s unit %(unitID)s value %(value)s%(elrTypes)s
</message>

<message code="secStaffObservation.nonNegativeFact.warning.F"
         level="warning-semantic"
         module="examples/plugin/validateSecTagging.py" line="189"
         args="fact contextID unitID value elrTypes">
Negative fact of a typically non-negative concept, member may or not justify a negative value: %(fact)s in context %(contextID)s unit %(unitID)s value %(value)s%(elrTypes)s
</message>

<message code="table:info"
         level="info"
         module="ValidateFormula.py" line="1000"
         args="xlinkLabel conceptQname">
RuleAxis rule %(xlinkLabel)s contains a concept QName %(conceptQname)s which is not in the DTS.
</message>

<message code="table:info"
         level="info"
         module="ValidateFormula.py" line="1008"
         args="axis xlinkLabel qnameAttr qname">
%(axis)s rule %(xlinkLabel)s contains a %(qnameAttr)s QName %(qname)s which is not in the DTS.
</message>

<message code="table:info"
         level="info"
         module="ValidateFormula.py" line="978"
         args="xlinkLabel memQname">
RuleAxis rule %(xlinkLabel)s contains a member QName %(memQname)s which is not in the DTS.
</message>

<message code="table:info"
         level="info"
         module="ValidateFormula.py" line="995"
         args="xlinkLabel qnSource">
RuleAxis rule %(xlinkLabel)s contains a @source attribute %(qnSource)s which is not applicable to table rule axes.
</message>

<message code="utr:invalid"
         level="error"
         module="ValidateUtr.py" line="165"
         args="unitID element typeName">
Unit %(unitID)s disallowed on fact %(element)s of type %(typeName)s
</message>

<message code="vercbe:invalidConceptReference"
         level="error"
         module="ValidateVersReport.py" line="104"
         args="event concept">
%(event)s fromConcept %(concept)s does not reference a concept in fromDTS
</message>

<message code="vercbe:invalidConceptReference"
         level="error"
         module="ValidateVersReport.py" line="110"
         args="event concept">
%(event)s toConcept %(concept)s does not reference a concept in toDTS
</message>

<message code="vercbe:invalidConceptReference"
         level="error"
         module="ValidateVersReport.py" line="123"
         args="action event concept">
%(action)s %(event)s fromConcept %(concept)s does not reference a concept in fromDTS
</message>

<message code="vercbe:invalidConceptReference"
         level="error"
         module="ValidateVersReport.py" line="131"
         args="action event concept">
%(action)s %(event)s fromConcept %(concept)s must be defined as a tuple
</message>

<message code="vercbe:invalidConceptReference"
         level="error"
         module="ValidateVersReport.py" line="200"
         args="action event concept">
%(action)s %(event)s toConcept %(concept)s does not reference a concept in toDTS
</message>

<message code="vercbe:invalidConceptReference"
         level="error"
         module="ValidateVersReport.py" line="208"
         args="action event concept">
%(action)s %(event)s toConcept %(concept)s must be defined as a tuple
</message>

<message code="vercee:illegalCustomAttributeEvent"
         level="error"
         module="ValidateVersReport.py" line="295"
         args="action event attr attrName">
%(action)s %(event)s %(attr)s $(attrName)s has an invalid namespace
</message>

<message code="vercee:invalidAttributeChange"
         level="error"
         module="ValidateVersReport.py" line="290"
         args="action attr attrName">
%(action)s %(event)s %(attr)s $(attrName)s does not have a namespace
</message>

<message code="vercee:invalidConceptCorrespondence"
         level="error"
         module="ValidateVersReport.py" line="279"
         args="action event conceptFrom conceptTo">
%(action)s %(event)s fromConcept %(conceptFrom)s and toConcept %(conceptTo)s must be equivalent or related
</message>

<message code="vercee:invalidConceptLabelIdentifier"
         level="error"
         module="ValidateVersReport.py" line="148"
         args="action event resource concept">
%(action)s %(event)s fromResource %(resource)s for %(concept)s in fromDTS does not have expected link, arc, or label elements
</message>

<message code="vercee:invalidConceptLabelIdentifier"
         level="error"
         module="ValidateVersReport.py" line="157"
         args="action event resource concept">
%(action)s %(event)s fromResource %(resource)s for %(concept)s in fromDTS does not have expected link, arc, or label elements
</message>

<message code="vercee:invalidConceptLabelIdentifier"
         level="error"
         module="ValidateVersReport.py" line="225"
         args="action event resource concept">
%(action)s %(event)s toResource %(resource)s for %(concept)s in toDTS does not have expected link, arc, or label elements
</message>

<message code="vercee:invalidConceptLabelIdentifier"
         level="error"
         module="ValidateVersReport.py" line="234"
         args="action event resource concept">
%(action)s %(event)s toResource %(resource)s for %(concept)s in toDTS does not have expected link, arc, or label elements
</message>

<message code="vercee:invalidConceptReferenceIdentifier"
         level="error"
         module="ValidateVersReport.py" line="178"
         args="action event resource concept">
%(action)s %(event)s fromResource %(resource)s for %(concept)s in fromDTS does not have expected link, arc, or label elements
</message>

<message code="vercee:invalidConceptReferenceIdentifier"
         level="error"
         module="ValidateVersReport.py" line="187"
         args="action event resource concept">
%(action)s %(event)s fromResource %(resource)s for %(concept)s  in fromDTS does not have expected link, arc, or label elements
</message>

<message code="vercee:invalidConceptReferenceIdentifier"
         level="error"
         module="ValidateVersReport.py" line="255"
         args="action event resource concept">
%(action)s %(event)s toResource %(resource)s for %(concept)s in toDTS does not have expected link, arc, or label elements
</message>

<message code="vercee:invalidConceptReferenceIdentifier"
         level="error"
         module="ValidateVersReport.py" line="264"
         args="action event resource concept">
%(action)s %(event)s toResource %(resource)s for %(concept)s in toDTS does not have expected link, arc, or label elements
</message>

<message code="vercee:invalidContentResourceIdentifier"
         level="error"
         module="ValidateVersReport.py" line="138"
         args="action event resource">
%(action)s %(event)s fromResource %(resource)s does not reference a resource in fromDTS
</message>

<message code="vercee:invalidContentResourceIdentifier"
         level="error"
         module="ValidateVersReport.py" line="162"
         args="action event resource">
%(action)s %(event)s fromResource %(resource)s does not have a label relationship to {3} in fromDTS
</message>

<message code="vercee:invalidContentResourceIdentifier"
         level="error"
         module="ValidateVersReport.py" line="168"
         args="action event resource">
%(action)s %(event)s fromResource %(resource)s does not reference a resource in fromDTS
</message>

<message code="vercee:invalidContentResourceIdentifier"
         level="error"
         module="ValidateVersReport.py" line="192"
         args="action event resource concept">
%(action)s %(event)s fromResource %(resource)s does not have a reference relationship to %(concept)s in fromDTS
</message>

<message code="vercee:invalidContentResourceIdentifier"
         level="error"
         module="ValidateVersReport.py" line="215"
         args="action event resource concept">
%(action)s %(event)s toResource %(resource)s for %(concept)s does not reference a resource in toDTS
</message>

<message code="vercee:invalidContentResourceIdentifier"
         level="error"
         module="ValidateVersReport.py" line="239"
         args="action event resource concept">
%(action)s %(event)s toResource %(resource)s does not have a label relationship to %(concept)s in toDTS
</message>

<message code="vercee:invalidContentResourceIdentifier"
         level="error"
         module="ValidateVersReport.py" line="245"
         args="action event resource">
%(action)s %(event)s toResource %(resource)s does not reference a resource in toDTS
</message>

<message code="vercee:invalidContentResourceIdentifier"
         level="error"
         module="ValidateVersReport.py" line="269"
         args="action event resource concept">
%(action)s %(event)s toResource %(resource)s does not have a reference relationship to %(concept)s in toDTS
</message>

<message code="vere:invalidAssignmentRef"
         level="error"
         module="ValidateVersReport.py" line="49"
         args="assignmentRef">
AssignmentRef %(assignmentRef)s does not reference an assignment
</message>

<message code="vere:invalidDTSIdentifier"
         level="error"
         module="ValidateVersReport.py" line="30"
         args="dts">
%(dts)s is missing or not loaded
</message>

<message code="vere:invalidDTSIdentifier"
         level="error"
         module="ValidateVersReport.py" line="37"
         args="dts error">
%(dts) has errors: %(error)s
</message>

<message code="vere:invalidNamespaceMapping"
         level="error"
         module="ValidateVersReport.py" line="56"
         args="uri">
NamespaceRename fromURI %(uri)s does not reference a schema in fromDTS
</message>

<message code="vere:invalidNamespaceMapping"
         level="error"
         module="ValidateVersReport.py" line="60"
         args="uri">
NamespaceRename toURI %(uri)s does not reference a schema in toDTS
</message>

<message code="vere:invalidRoleChange"
         level="error"
         module="ValidateVersReport.py" line="67"
         args="uri">
RoleChange fromURI %(uri)s does not reference a roleType in fromDTS
</message>

<message code="vere:invalidRoleChange"
         level="error"
         module="ValidateVersReport.py" line="71"
         args="uri">
RoleChange toURI %(uri)s does not reference a roleType in toDTS
</message>

<message code="vere:invalidXlinkArcrole"
         level="error"
         module="ValidateVersReport.py" line="94"
         args="arcrole">
ReportRef xlink:arcrole %(arcrole)s is invalid
</message>

<message code="vere:invalidXlinkType"
         level="error"
         module="ValidateVersReport.py" line="80"
         args="xlinkType">
ReportRef xlink:type %(xlinkType)s must be &quot;simple&quot;
</message>

<message code="vere:missingXlinkArcrole"
         level="error"
         module="ValidateVersReport.py" line="89"
         args="">
ReportRef xlink:arcrole is missing
</message>

<message code="verrelse:invalidArcElementReference"
         level="error"
         module="ValidateVersReport.py" line="317"
         args="event relSet arc">
%(event)s %(relSet)s arc %(arc) does not reference an element in its DTS
</message>

<message code="verrelse:invalidArcrole"
         level="error"
         module="ValidateVersReport.py" line="331"
         args="event relSet arcrole">
%(event)s %(relSet)s arcrole %(arcrole)s does not reference an arcrole in its DTS
</message>

<message code="verrelse:invalidConceptReference"
         level="error"
         module="ValidateVersReport.py" line="339"
         args="event relSet conceptFrom">
%(event)s %(relSet)s relationship fromConcept %(conceptFrom)s does not reference a concept in its DTS
</message>

<message code="verrelse:invalidConceptReference"
         level="error"
         module="ValidateVersReport.py" line="345"
         args="event relSet conceptTo">
%(event)s %(relSet)s relationship toConcept %(conceptTo)s does not reference a concept in its DTS
</message>

<message code="verrelse:invalidLinkElementReference"
         level="error"
         module="ValidateVersReport.py" line="311"
         args="event relSet link">
%(event)s %(relSet)s link %(link)s does not reference an element in its DTS
</message>

<message code="verrelse:invalidLinkrole"
         level="error"
         module="ValidateVersReport.py" line="324"
         args="event relSet linkrole">
%(event)s %(relSet)s linkrole %(linkrole)s does not reference an linkrole in its DTS
</message>

<message code="verrelse:invalidRelationshipReference"
         level="error"
         module="ValidateVersReport.py" line="353"
         args="event relSet conceptFrom conceptTo">
%(event)s %(relSet)s no relationship found from fromConcept %(conceptFrom)s to toConcept %(conceptTo)s in its DTS
</message>

<message code="verrelse:invalidRelationshipReference"
         level="error"
         module="ValidateVersReport.py" line="358"
         args="event relSet conceptFrom">
%(event)s %(relSet)s no relationship found fromConcept %(conceptFrom)s in its DTS
</message>

<message code="warning"
         level="warning"
         module="CntlrGenVersReports.py" line="228"
         args="reportName event">
Generated test case %(reportName)s missing expected event %(event)s
</message>

<message code="xbrl.3.5.1.1:simpleLinkType"
         level="error"
         module="ValidateXbrlDTS.py" line="681"
         args="element">
Element %(element)s missing xlink:type=&quot;simple&quot;
</message>

<message code="xbrl.3.5.1.2:simpleLinkHref"
         level="error"
         module="ValidateXbrlDTS.py" line="686"
         args="element">
Element %(element)s missing or invalid href
</message>

<message code="xbrl.3.5.1.3:emptySimpleLinkRole"
         level="error"
         module="ValidateXbrlDTS.py" line="734"
         args="xlinkRole">
Simple link role %(xlinkRole)s is empty
</message>

<message code="xbrl.3.5.1.4:emptyXlinkArcrole"
         level="error"
         module="ValidateXbrlDTS.py" line="791"
         args="element">
Arcrole on %(element)s is empty
</message>

<message code="xbrl.3.5.2.4:missingRoleRef"
         level="error"
         module="ValidateXbrlDTS.py" line="758"
         args="xlinkRole">
Role %(xlinkRole)s is missing a roleRef
</message>

<message code="xbrl.3.5.2.4:roleNotAbsolute"
         level="error"
         module="ValidateXbrlDTS.py" line="744"
         args="xlinkRole">
Role %(xlinkRole)s is not absolute
</message>

<message code="xbrl.3.5.2.5:arcroleNotAbsolute"
         level="error"
         module="ValidateXbrlDTS.py" line="796"
         args="element arcrole">
Arcrole %(arcrole)s is not absolute
</message>

<message code="xbrl.3.5.2.5:missingArcroleRef"
         level="error"
         module="ValidateXbrlDTS.py" line="806"
         args="element arcrole">
Arcrole %(arcrole)s is missing an arcroleRef
</message>

<message code="xbrl.3.5.3.3:emptyStdExtLinkRole"
         level="error"
         module="ValidateXbrlDTS.py" line="739"
         args="xlinkRole">
Standard extended link role %(xlinkRole)s is empty
</message>

<message code="xbrl.3.5.3.7.1:linkLocType"
         level="error"
         module="ValidateXbrlDTS.py" line="701"
         args="element">
Element %(element)s missing xlink:type=&quot;locator&quot;
</message>

<message code="xbrl.3.5.3.7.2:instanceLocInDTS"
         level="error"
         module="ValidateXbrlDTS.py" line="187"
         args="locHref">
Loc's href %(locHref)s does not identify an element in an XBRL document discovered as part of the DTS
</message>

<message code="xbrl.3.5.3.8.1:resourceType"
         level="error"
         module="ValidateXbrlDTS.py" line="833"
         args="element">
Element %(element)s appears to be a resource missing xlink:type=&quot;resource&quot;
</message>

<message code="xbrl.3.5.3.8.2:resourceLabel"
         level="error"
         module="ValidateXbrlDTS.py" line="844"
         args="element">
Element %(element)s missing xlink:label
</message>

<message code="xbrl.3.5.4:hrefIdNotFound"
         level="error"
         module="ValidateXbrlDTS.py" line="64"
         args="elementHref">
Href %(elementHref)s not located
</message>

<message code="xbrl.3.5.4:hrefScheme"
         level="error"
         module="ValidateXbrlDTS.py" line="82"
         args="elementHref scheme">
Href %(elementHref)s unsupported scheme: %(scheme)s
</message>

<message code="xbrl.4.11.1.1:instanceLoc"
         level="error"
         module="ValidateXbrlDTS.py" line="170"
         args="locHref">
Instance loc's href %(locHref)s not an element in same instance
</message>

<message code="xbrl.4.11.1.2.1:footnoteLang"
         level="error"
         module="ValidateXbrlDTS.py" line="712"
         args="xlinkLabel">
Footnote %(xlinkLabel)s element missing xml:lang attribute
</message>

<message code="xbrl.4.11.1.3.1:factFootnoteArcFrom"
         level="error"
         module="ValidateXbrl.py" line="143"
         args="linkrole xlinkLabelFrom xlinkLabelTo">
Footnote arc in extended link %(linkrole)s from %(xlinkLabelFrom)s to %(xlinkLabelTo)s &quot;from&quot; is not a loc
</message>

<message code="xbrl.4.11.1.3.1:factFootnoteArcTo"
         level="error"
         module="ValidateXbrl.py" line="148"
         args="linkrole xlinkLabelFrom xlinkLabelTo">
Footnote arc in extended link %(linkrole)s from %(xlinkLabelFrom)s to %(xlinkLabelTo)s &quot;to&quot; is not a footnote resource
</message>

<message code="xbrl.4.2.2:schemaRefHref"
         level="error"
         module="ValidateXbrlDTS.py" line="131"
         args="schemaRef">
SchemaRef %(schemaRef)s does not identify an xsd:schema element
</message>

<message code="xbrl.4.3.2:linkbaseRefHref"
         level="error"
         module="ValidateXbrlDTS.py" line="101"
         args="linkbaseHref">
LinkbaseRef %(linkbaseHref)s does not identify an link:linkbase element
</message>

<message code="xbrl.4.3.3:linkbaseRefArcrole"
         level="error"
         module="ValidateXbrlDTS.py" line="696"
         args="">
LinkbaseRef missing arcrole
</message>

<message code="xbrl.4.3.4:linkbaseRefLinks"
         level="error"
         module="ValidateXbrlDTS.py" line="122"
         args="linkbaseHref role link">
LinkbaseRef %(linkbaseHref)s role %(role)s has wrong extended link %(link)s
</message>

<message code="xbrl.4.6.1:itemContextRef"
         level="error"
         module="ValidateXbrl.py" line="356"
         args="fact">
Item %(fact)s must have a context
</message>

<message code="xbrl.4.6.1:tupleContextRef"
         level="error"
         module="ValidateXbrl.py" line="401"
         args="fact">
Tuple %(fact)s must not have a context
</message>

<message code="xbrl.4.6.2:numericUnit"
         level="error"
         module="ValidateXbrl.py" line="308"
         args="fact contextID">
Fact %(fact)s context %(contextID)s is numeric and must have a unit
</message>

<message code="xbrl.4.6.3:bothPrecisionAndDecimals"
         level="error"
         module="ValidateXbrl.py" line="346"
         args="fact contextID">
Fact %(fact)s context %(contextID)s can not have both precision and decimals
</message>

<message code="xbrl.4.6.3:fractionPrecisionDecimals"
         level="error"
         module="ValidateXbrl.py" line="375"
         args="fact contextID">
Fact %(fact)s context %(contextID)s is a fraction concept and cannot have either precision or decimals
</message>

<message code="xbrl.4.6.3:missingPrecisionDecimals"
         level="error"
         module="ValidateXbrl.py" line="396"
         args="fact contextID">
Fact %(fact)s context %(contextID)s is a numeric concept and must have either precision or decimals
</message>

<message code="xbrl.4.6.3:nilPrecisionDecimals"
         level="error"
         module="ValidateXbrl.py" line="370"
         args="fact contextID">
Fact %(fact)s context %(contextID)s can not be nil and have either precision or decimals
</message>

<message code="xbrl.4.6.3:tuplePrecisionDecimals"
         level="error"
         module="ValidateXbrl.py" line="405"
         args="fact">
Fact %(fact)s is a tuple and cannot have either precision or decimals
</message>

<message code="xbrl.4.6.4:precision"
         level="error"
         module="ValidateXbrl.py" line="336"
         args="fact contextID precision">
Fact %(fact)s context %(contextID)s precision %(precision)s is invalid
</message>

<message code="xbrl.4.6.4:precision"
         level="error"
         module="ValidateXbrl.py" line="342"
         args="fact contextID precision">
Fact %(fact)s context %(contextID)s precision %(precision)s is invalid
</message>

<message code="xbrl.4.6:notItemOrTuple"
         level="error"
         module="ValidateXbrl.py" line="415"
         args="fact">
Fact %(fact)s must be an item or tuple
</message>

<message code="xbrl.4.7.2:contextDateError"
         level="error"
         module="ValidateXbrl.py" line="457"
         args="contextID error">
Context %(contextID) startDate or endDate: %(error)s
</message>

<message code="xbrl.4.7.2:contextDateError"
         level="error"
         module="ValidateXbrl.py" line="464"
         args="contextID error">
Context %(contextID)s instant date: %(error)s
</message>

<message code="xbrl.4.7.2:contextPeriodType"
         level="error"
         module="ValidateXbrl.py" line="363"
         args="fact contextID periodType">
Fact %(fact)s context %(contextID)s has period type %(periodType)s conflict with context
</message>

<message code="xbrl.4.7.2:periodStartBeforeEnd"
         level="error"
         module="ValidateXbrl.py" line="453"
         args="contextID">
Context %(contextID)s must have startDate less than endDate
</message>

<message code="xbrl.4.7:instanceElementOrder"
         level="error"
         module="ValidateXbrlDTS.py" line="877"
         args="element">
Element %(element)s is out of order
</message>

<message code="xbrl.4.8.2:measureElement"
         level="error"
         module="ValidateXbrl.py" line="477"
         args="unitID measure">
Unit %(unitID)s illegal measure: %(measure)s
</message>

<message code="xbrl.4.8.2:monetaryFactUnit-notMonetaryMeasure"
         level="error"
         module="ValidateXbrl.py" line="320"
         args="fact contextID unitID">
Fact %(fact)s context %(contextID)s must have a monetary unit measure %(unitID)s
</message>

<message code="xbrl.4.8.2:monetaryFactUnit-notSingleMeasure"
         level="error"
         module="ValidateXbrl.py" line="315"
         args="fact contextID unitID">
Fact %(fact)s context %(contextID)s must have a single unit measure which is monetary %(unitID)s
</message>

<message code="xbrl.4.8.2:sharesFactUnit-notSharesMeasure"
         level="error"
         module="ValidateXbrl.py" line="330"
         args="fact contextID unitID">
Fact %(fact)s context %(contextID)s must have a xbrli:shares unit %(unitID)s
</message>

<message code="xbrl.4.8.2:sharesFactUnit-notSingleMeasure"
         level="error"
         module="ValidateXbrl.py" line="326"
         args="fact contextID unitID">
Fact %(fact)s context %(contextID)s must have a single xbrli:shares unit %(unitID)s
</message>

<message code="xbrl.4.8.4:measureBothNumDenom"
         level="error"
         module="ValidateXbrl.py" line="482"
         args="unitID measure">
Unit %(unitID)s numerator measure: %(measure)s also appears as denominator measure
</message>

<message code="xbrl.4.9:tupleAttribute"
         level="error"
         module="ValidateXbrl.py" line="527"
         args="concept attribute">
Tuple %(concept)s must not have attribute in this namespace %(attribute)s
</message>

<message code="xbrl.4.9:tupleBalance"
         level="error"
         module="ValidateXbrl.py" line="520"
         args="concept">
Tuple %(concept)s must not have balance
</message>

<message code="xbrl.4.9:tupleElementItemOrTuple"
         level="error"
         module="ValidateXbrl.py" line="549"
         args="concept tupleElement">
Tuple %(concept)s must not have element %(tupleElement)s not an item or tuple
</message>

<message code="xbrl.4.9:tupleElementUndefined"
         level="error"
         module="ValidateXbrl.py" line="543"
         args="concept tupleElement">
Tuple %(concept)s element %(tupleElement)s not defined
</message>

<message code="xbrl.4.9:tupleGloballyDeclared"
         level="error"
         module="ValidateXbrl.py" line="512"
         args="concept">
Tuple %(concept)s must be declared globally
</message>

<message code="xbrl.4.9:tupleMixedContent"
         level="error"
         module="ValidateXbrl.py" line="532"
         args="concept">
Tuple %(concept)s must not have mixed content
</message>

<message code="xbrl.4.9:tuplePeriodType"
         level="error"
         module="ValidateXbrl.py" line="516"
         args="concept">
Tuple %(concept)s must not have periodType
</message>

<message code="xbrl.4.9:tupleSimpleContent"
         level="error"
         module="ValidateXbrl.py" line="536"
         args="concept">
Tuple %(concept)s must not have simple content
</message>

<message code="xbrl.4:xbrlRootElement"
         level="error"
         module="ValidateXbrlDTS.py" line="886"
         args="parent">
Xbrl must be a root element, and may not be nested in %(parent)s
</message>

<message code="xbrl.5.1.1.1:itemPeriodType"
         level="error"
         module="ValidateXbrl.py" line="554"
         args="concept">
Item %(concept)s must have a valid periodType
</message>

<message code="xbrl.5.1.1.2:itemBalance"
         level="error"
         module="ValidateXbrl.py" line="559"
         args="concept balance">
Item %(concept)s must have a valid balance %(balance)s
</message>

<message code="xbrl.5.1.1.2:itemBalance"
         level="error"
         module="ValidateXbrl.py" line="564"
         args="concept">
Item %(concept)s may not have a balance
</message>

<message code="xbrl.5.1.1.3:itemType"
         level="error"
         module="ValidateXbrl.py" line="568"
         args="concept itemType">
Item %(concept)s type %(itemType)s invalid
</message>

<message code="xbrl.5.1.1:fractionPrecisionDecimals"
         level="error"
         module="ValidateXbrl.py" line="380"
         args="fact contextID numerator">
Fact %(fact)s context %(contextID)s is a fraction with invalid numerator %(numerator)s
</message>

<message code="xbrl.5.1.1:fractionPrecisionDecimals"
         level="error"
         module="ValidateXbrl.py" line="384"
         args="">
Fact %(fact)s context %(contextID)s is a fraction with invalid denominator %(denominator)
</message>

<message code="xbrl.5.1.1:itemMixedContent"
         level="error"
         module="ValidateXbrl.py" line="391"
         args="fact contextID childElementName">
Fact %(fact)s context %(contextID)s may not have child elements %(childElementName)s
</message>

<message code="xbrl.5.1.3.4:custRoleUsedOn"
         level="error"
         module="ValidateXbrlDTS.py" line="772"
         args="xlinkRole element">
Role %(xlinkRole)s missing usedOn for %(element)s
</message>

<message code="xbrl.5.1.4.5:custArcroleUsedOn"
         level="error"
         module="ValidateXbrlDTS.py" line="816"
         args="element arcrole">
Arcrole %(arcrole)s missing usedOn for %(element)s
</message>

<message code="xbrl.5.1.4.5:custArcroleUsedOn"
         level="error"
         module="ValidateXbrlDTS.py" line="825"
         args="element arcrole">
XBRL file {0} standard arcrole %(arcrole)s used on wrong arc %(element)s
</message>

<message code="xbrl.5.1:emptyTargetNamespace"
         level="error"
         module="ValidateXbrlDTS.py" line="342"
         args="">
Schema element has an empty targetNamespace
</message>

<message code="xbrl.5.1:schemaRootElement"
         level="error"
         module="ValidateXbrlDTS.py" line="892"
         args="parent">
Schema must be a root element, and may not be nested in %(parent)s
</message>

<message code="xbrl.5.2.2.2.1:labelLang"
         level="error"
         module="ValidateXbrlDTS.py" line="716"
         args="xlinkLabel">
Label %(xlinkLabel)s element missing xml:lang attribute
</message>

<message code="xbrl.5.2.2.3:labelArcRemoteResource"
         level="error"
         module="ValidateXbrl.py" line="160"
         args="linkrole xlinkLabel xlinkHref">
Unprohibited labelArc in extended link %(linkrole)s has illegal remote resource loc labeled %(xlinkLabel)s href %(xlinkHref)s
</message>

<message code="xbrl.5.2.4.2.1:preferredLabelMissing"
         level="error"
         module="ValidateXbrl.py" line="265"
         args="source target linkrole preferredLabel">
Presentation relationship from %(source)s to %(target)s in link role %(linkrole)s missing preferredLabel %(preferredLabel)s
</message>

<message code="xbrl.5.2.5.2.1:zeroWeight"
         level="error"
         module="ValidateXbrl.py" line="236"
         args="source target linkrole">
Calculation relationship has zero weight from %(source)s to %(target)s in link role %(linkrole)s
</message>

<message code="xbrl.5.2.5.2:calcInconsistency"
         level="inconsistency"
         module="ValidateXbrlCalcs.py" line="131"
         args="concept linkrole reportedSum computedSum contextID unitID">
Calculation inconsistent from %(concept)s in link role %(linkrole)s reported sum %(reportedSum)s computed sum %(computedSum)s context %(contextID)s unit %(unitID)s
</message>

<message code="xbrl.5.2.5.2:nonNumericCalc"
         level="error"
         module="ValidateXbrl.py" line="252"
         args="source target linkrole sourceNumericDecorator targetNumericDecorator">
Calculation relationship has illegal concept from %(source)s%(sourceNumericDecorator)s to %(target)s%(targetNumericDecorator)s in link role %(linkrole)s
</message>

<message code="xbrl.5.2.6.2.2:essenceAliasBalance"
         level="error"
         module="ValidateXbrl.py" line="285"
         args="">
Essence-alias relationship from %(source)s to %(target)s in link role %(linkrole)s has different balances
</message>

<message code="xbrl.5.2.6.2.2:essenceAliasTypes"
         level="error"
         module="ValidateXbrl.py" line="277"
         args="source target linkrole">
Essence-alias relationship from %(source)s to %(target)s in link role %(linkrole)s has different types or periodTypes
</message>

<message code="xbrl.5.2.6.2.2:essenceAliasUnitsInconsistency"
         level="inconsistency"
         module="ValidateXbrlCalcs.py" line="155"
         args="essenceConcept aliasConcept linkrole contextID">
Essence-Alias inconsistent units from %(essenceConcept)s to %(aliasConcept)s in link role %(linkrole)s context %(contextID)s
</message>

<message code="xbrl.5.2.6.2.2:essenceAliasUnitsInconsistency"
         level="inconsistency"
         module="ValidateXbrlCalcs.py" line="161"
         args="essenceConcept aliasConcept linkrole contextID">
Essence-Alias inconsistent value from %(essenceConcept)s to %(aliasConcept)s in link role %(linkrole)s context %(contextID)s
</message>

<message code="xbrl.5.2.6.2.4:requiresElementInconsistency"
         level="inconsistency"
         module="ValidateXbrlCalcs.py" line="172"
         args="requiringConcept requiredConcept linkrole">
Requires-Element %(requiringConcept)s missing required fact for %(requiredConcept)s in link role %(linkrole)s
</message>

<message code="xbrl.5.2:linkbaseRootElement"
         level="error"
         module="ValidateXbrlDTS.py" line="616"
         args="parent">
Linkbase must be a root element or child of appinfo, and may not be nested in %(parent)s
</message>

<message code="xbrl.5.6.1:Redefine"
         level="error"
         module="ValidateXbrlDTS.py" line="465"
         args="">
Redefine is not allowed
</message>

<message code="xbrl:hrefFileNotFound"
         level="error"
         module="ValidateXbrlDTS.py" line="51"
         args="elementHref">
Href %(elementHref)s file not found
</message>

<message code="xbrl:schemaDefinitionMissing"
         level="error"
         module="ModelDocument.py" line="794"
         args="element">
Linkbase extended link %(element)s missing schema definition
</message>

<message code="xbrl:schemaImportMissing"
         level="error"
         module="ModelDocument.py" line="932"
         args="element">
Instance fact %(element)s missing schema definition 
</message>

<message code="xbrlacfe:inconsistentAspectCoverFilters"
         level="error"
         module="ValidateFormula.py" line="804"
         args="xlinkLabel filterLabel aspect filterLabel2">
Variable set %(xlinkLabel)s, aspect cover filter %(filterLabel)s, aspect %(aspect)s, conflicts with %(filterLabel2)s with inconsistent cover attribute
</message>

<message code="xbrlcae:acceptanceRadiusConflict"
         level="error"
         module="ValidateFormula.py" line="592"
         args="xlinkLabel">
Consistency assertion %(xlinkLabel)s has both absolute and proportional acceptance radii
</message>

<message code="xbrlcae:variablesNotAllowed"
         level="error"
         module="ValidateFormula.py" line="598"
         args="xlinkLabel elementTo xlinkLabelTo">
Consistency assertion %(xlinkLabel)s has relationship to a %(elementTo)s %(xlinkLabelTo)s
</message>

<message code="xbrlcfie:inputMismatch"
         level="error"
         module="ValidateFormula.py" line="214"
         args="name parameterCountSignature parameterCountImplementation">
Custom function %(name)s signature has %(parameterCountSignature)s parameters but implementation has %(parameterCountImplementation)s, must be matching
</message>

<message code="xbrlcfie:missingCFIRelationship"
         level="error"
         module="ValidateFormula.py" line="221"
         args="xlinkLabel">
Custom function implementation %(xlinkLabel)s has no relationship from any custom function signature
</message>

<message code="xbrlcfie:tooManyCFIRelationships"
         level="error"
         module="ValidateFormula.py" line="102"
         args="xlinkLabel">
Function implementation %(xlinkLabel)s must be the target of only one function-implementation relationship
</message>

<message code="xbrlcfie:tooManyCFIRelationships"
         level="error"
         module="ValidateFormula.py" line="97"
         args="name">
Function-implementation relationship from signature %(name)s has more than one implementation target
</message>

<message code="xbrldie:DefaultValueUsedInInstanceError"
         level="error"
         module="ValidateXbrlDimensions.py" line="285"
         args="contextID dimension value">
Context %(contextID)s explicit dimension %(dimension)s member %(value)s is a default member item
</message>

<message code="xbrldie:ExplicitMemberUndefinedQNameError"
         level="error"
         module="ValidateXbrlDimensions.py" line="280"
         args="contextID dimension value">
Context %(contextID)s explicit dimension %(dimension)s member %(value)s is not a global member item
</message>

<message code="xbrldie:IllegalTypedDimensionContentError"
         level="error"
         module="ValidateXbrlDimensions.py" line="304"
         args="contextID dimension error">
Context %(contextID)s typed dimension %(dimension)s has %(error)s
</message>

<message code="xbrldie:PrimaryItemDimensionallyInvalidError"
         level="error"
         module="ValidateXbrlDimensions.py" line="326"
         args="fact contextID">
Fact %(fact)s context %(contextID)s dimensionally not valid
</message>

<message code="xbrldie:RepeatedDimensionInInstanceError"
         level="error"
         module="ValidateXbrlDimensions.py" line="313"
         args="contextID dimension">
Context %(contextID)s dimension %(dimension)s is a repeated dimension value
</message>

<message code="xbrldie:RepeatedDimensionInInstanceError"
         level="error"
         module="ValidateXbrlDimensions.py" line="320"
         args="contextID dimension">
Context %(contextID)s dimension %(dimension)s is a repeated dimension value
</message>

<message code="xbrldte:DRSDirectedCycleError"
         level="error"
         module="ValidateXbrlDimensions.py" line="91"
         args="hypercube dimension linkrole path">
Dimension relationships have a directed cycle in DRS role %(linkrole)s 
starting from hypercube %(hypercube)s, 
dimension %(dimension)s, 
path %(path)s
</message>

<message code="xbrldte:DimensionDefaultSourceError"
         level="error"
         module="ValidateXbrlDimensions.py" line="129"
         args="source target linkrole">
Dimension-default relationship from %(source)s to %(target)s in link role %(linkrole)s must have a dimension declaration source
</message>

<message code="xbrldte:DimensionDefaultSourceError"
         level="error"
         module="ValidateXbrlDimensions.py" line="133"
         args="source target linkrole">
Dimension-default relationship from %(source)s to %(target)s in link role %(linkrole)s has a typed dimension source
</message>

<message code="xbrldte:DimensionDefaultTargetError"
         level="error"
         module="ValidateXbrlDimensions.py" line="137"
         args="source target linkrole">
Dimension-default relationship from %(source)s to %(target)s in link role %(linkrole)s must have a domain member target
</message>

<message code="xbrldte:DimensionDomainSourceError"
         level="error"
         module="ValidateXbrlDimensions.py" line="111"
         args="source target linkrole">
Dimension-domain relationship from %(source)s to %(target)s in link role %(linkrole)s must have a dimension declaration source
</message>

<message code="xbrldte:DimensionDomainSourceError"
         level="error"
         module="ValidateXbrlDimensions.py" line="115"
         args="source target linkrole">
Dimension-domain relationship from %(source)s to %(target)s in link role %(linkrole)s has a typed dimension source
</message>

<message code="xbrldte:DimensionDomainTargetError"
         level="error"
         module="ValidateXbrlDimensions.py" line="119"
         args="source target linkrole">
Dimension-domain relationship from %(source)s to %(target)s in link role %(linkrole)s must have a domain member target
</message>

<message code="xbrldte:DimensionElementIsNotAbstractError"
         level="error"
         module="ValidateXbrl.py" line="577"
         args="concept">
Dimension item %(concept)s must be abstract
</message>

<message code="xbrldte:DomainMemberSourceError"
         level="error"
         module="ValidateXbrlDimensions.py" line="157"
         args="source target linkrole">
Domain-Member relationship from %(source)s to %(target)s in link role %(linkrole)s must have a domain primary item or domain member source
</message>

<message code="xbrldte:DomainMemberTargetError"
         level="error"
         module="ValidateXbrlDimensions.py" line="161"
         args="source target linkrole">
Domain-Member relationship from %(source)s to %(target)s in link role %(linkrole)s must have a domain primary item or domain member target
</message>

<message code="xbrldte:HasHypercubeMissingContextElementAttributeError"
         level="error"
         module="ValidateXbrlDimensions.py" line="61"
         args="arcroleType source target linkrole">
HasHypercube %(arcroleType)s relationship from %(source)s to %(target)s in link role %(linkrole)s must have a context element
</message>

<message code="xbrldte:HasHypercubeSourceError"
         level="error"
         module="ValidateXbrlDimensions.py" line="50"
         args="arcroleType source target linkrole">
HasHypercube %(arcroleType)s relationship from %(source)s to %(target)s in link role %(linkrole)s must have a primary item source
</message>

<message code="xbrldte:HasHypercubeTargetError"
         level="error"
         module="ValidateXbrlDimensions.py" line="55"
         args="arcroleType source target linkrole">
HasHypercube %(arcroleType)s relationship from %(source)s to %(target)s in link role %(linkrole)s must have a hypercube declaration target
</message>

<message code="xbrldte:HypercubeDimensionSourceError"
         level="error"
         module="ValidateXbrlDimensions.py" line="35"
         args="source target linkrole">
Hypercube-dimension relationship from %(source)s to %(target)s in link role %(linkrole)s must have a hypercube declaration source
</message>

<message code="xbrldte:HypercubeDimensionTargetError"
         level="error"
         module="ValidateXbrlDimensions.py" line="39"
         args="source target linkrole">
Hypercube-dimension relationship from %(source)s to %(target)s in link role %(linkrole)s must have a dimension declaration target
</message>

<message code="xbrldte:HypercubeElementIsNotAbstractError"
         level="error"
         module="ValidateXbrl.py" line="573"
         args="concept">
Hypercube item %(concept)s must be abstract
</message>

<message code="xbrldte:OutOfDTSSchemaError"
         level="error"
         module="ValidateXbrlDimensions.py" line="242"
         args="concept">
Concept %(concept)s typedDomainRef is not resolved
</message>

<message code="xbrldte:PrimaryItemPolymorphismError"
         level="error"
         module="ValidateXbrlDimensions.py" line="101"
         args="hypercube dimension linkrole path">
Dimension relationships have a polymorphism cycle in DRS role %(linkrole)s 
starting from hypercube %(hypercube)s, 
dimension %(dimension)s, 
path %(path)s
</message>

<message code="xbrldte:TargetRoleNotResolvedError"
         level="error"
         module="ValidateXbrlDTS.py" line="858"
         args="element targetRole">
TargetRole %(targetRole)s is missing a roleRef
</message>

<message code="xbrldte:TooManyDefaultMembersError"
         level="error"
         module="ValidateXbrlDimensions.py" line="141"
         args="source target target2">
Dimension %(source)s has multiple defaults %(target)s and %(target2)s
</message>

<message code="xbrldte:TypedDimensionError"
         level="error"
         module="ValidateXbrlDimensions.py" line="248"
         args="concept">
Concept %(concept)s typedDomainRef must identify a non-abstract element
</message>

<message code="xbrldte:TypedDimensionURIError"
         level="error"
         module="ValidateXbrlDimensions.py" line="238"
         args="concept">
Concept %(concept)s typedDomainRef has no fragment identifier
</message>

<message code="xbrldte:TypedDomainRefError"
         level="error"
         module="ValidateXbrlDimensions.py" line="252"
         args="concept">
Concept %(concept)s is not a dimension item but has a typedDomainRef
</message>

<message code="xbrleae:variableReferenceNotAllowed"
         level="error"
         module="ValidateFormula.py" line="475"
         args="xlinkLabel name">
Existence Assertion %(xlinkLabel)s, cannot refer to variable %(name)s
</message>

<message code="xbrlfe:badSubsequentOCCValue"
         level="error"
         module="FormulaEvaluator.py" line="673"
         args="xlinkLabel occ">
Formula %(xlinkLabel)s OCC element %(occ)s covers a dimensional aspect
</message>

<message code="xbrlfe:bindEmptySourceVariable"
         level="error"
         module="ValidateFormula.py" line="941"
         args="xlinkLabel name">
Formula %(xlinkLabel)s: source %(name)s is a fact variable that has a fallback value
</message>

<message code="xbrlfe:conflictingAspectRules"
         level="error"
         module="ValidateFormula.py" line="885"
         args="xlinkLabel concept">
Formula %(xlinkLabel)s has a rule for the unit aspect of a non-numeric concept %(concept)s
</message>

<message code="xbrlfe:conflictingAspectRules"
         level="error"
         module="ValidateFormula.py" line="891"
         args="xlinkLabel concept aspectPeriodType conceptPeriodType">
Formula %(xlinkLabel)s has a rule for the %(aspectPeriodType)s period aspect of a %(conceptPeriodType)s concept %(concept)s
</message>

<message code="xbrlfe:defaultAspectValueConflicts"
         level="error"
         module="ValidateFormula.py" line="945"
         args="xlinkLabel name">
Formula %(xlinkLabel)s: formula source %(name)s is a fact variable that binds as a sequence
</message>

<message code="xbrlfe:illegalUseOfUncoveredQName"
         level="error"
         module="ValidateFormula.py" line="925"
         args="xlinkLabel name">
Formula %(xlinkLabel)s, not implicit filtering element has formulaUncovered source: %(name)s
</message>

<message code="xbrlfe:incompleteConceptRule"
         level="error"
         module="ValidateFormula.py" line="832"
         args="xlinkLabel">
Formula %(xlinkLabel)s concept rule does not have a nearest source and does not have a child element
</message>

<message code="xbrlfe:incompleteEntityIdentifierRule"
         level="error"
         module="ValidateFormula.py" line="843"
         args="xlinkLabel">
Formula %(xlinkLabel)s entity identifier rule does not have a nearest source and does not have either a @scheme or a @value attribute
</message>

<message code="xbrlfe:incompletePeriodRule"
         level="error"
         module="ValidateFormula.py" line="852"
         args="xlinkLabel">
Formula %(xlinkLabel)s period rule does not have a nearest source and does not have a child element
</message>

<message code="xbrlfe:missingConceptRule"
         level="error"
         module="FormulaEvaluator.py" line="561"
         args="xlinkLabel concept element">
Formula %(xlinkLabel)s concept %(concept)s is not a %(element)s
</message>

<message code="xbrlfe:missingConceptRule"
         level="error"
         module="ValidateFormula.py" line="836"
         args="xlinkLabel">
Formula %(xlinkLabel)s omits a rule for the concept aspect
</message>

<message code="xbrlfe:missingEntityIdentifierRule"
         level="error"
         module="ValidateFormula.py" line="847"
         args="xlinkLabel">
Formula %(xlinkLabel)s omits a rule for the entity identifier aspect
</message>

<message code="xbrlfe:missingPeriodRule"
         level="error"
         module="ValidateFormula.py" line="856"
         args="xlinkLabel">
Formula %(xlinkLabel)s omits a rule for the period aspect
</message>

<message code="xbrlfe:missingSAVForUnitRule"
         level="error"
         module="ValidateFormula.py" line="876"
         args="xlinkLabel">
Formula %(xlinkLabel)s unit rule does not have a source and does not have a child element
</message>

<message code="xbrlfe:missingUnitRule"
         level="error"
         module="ValidateFormula.py" line="880"
         args="xlinkLabel">
Formula %(xlinkLabel)s omits a rule for the unit aspect
</message>

<message code="xbrlfe:nonSingletonOutputValue"
         level="error"
         module="FormulaEvaluator.py" line="734"
         args="xlinkLabel valueSequenceLength">
Formula %(xlinkLabel)s value is a sequence of length %(valueSequenceLength)s
</message>

<message code="xbrlfe:nonexistentSourceVariable"
         level="error"
         module="ValidateFormula.py" line="929"
         args="xlinkLabel name">
Variable set %(xlinkLabel)s, source %(name)s is not in the variable set
</message>

<message code="xbrlfe:nonexistentSourceVariable"
         level="error"
         module="ValidateFormula.py" line="937"
         args="xlinkLabel name element">
Variable set %(xlinkLabel)s, source %(name)s not a factVariable but is a %(element)s
</message>

<message code="xbrlfe:unrecognisedAspectRule"
         level="error"
         module="ValidateFormula.py" line="914"
         args="xlinkLabel aspectModel undefinedAspects">
Formula %(xlinkLabel)s aspect model, %(aspectModel)s, includes an rule for aspect not defined in this aspect model: %(undefinedAspects)s
</message>

<message code="xbrlfe:wrongXpathResultForTypedDimensionRule"
         level="error"
         module="FormulaEvaluator.py" line="660"
         args="xlinkLabel dimension value">
Formula %(xlinkLabel)s dimension %(dimension)s value is not a node: %(value)s
</message>

<message code="xbrlgene:missingArcRoleUsedOnValue"
         level="error"
         module="ValidateXbrlDTS.py" line="820"
         args="element arcrole">
Generic arc arcrole %(arcrole)s missing usedOn for %(element)s
</message>

<message code="xbrlgene:missingResourceRoleUsedOnValue"
         level="error"
         module="ValidateXbrlDTS.py" line="780"
         args="xlinkRole element">
Generic resource role %(xlinkRole)s missing usedOn for %(element)s
</message>

<message code="xbrlgene:missingRoleRefForArcRole"
         level="error"
         module="ValidateXbrlDTS.py" line="810"
         args="element arcrole">
Generic arc arcrole %(arcrole)s is missing an arcroleRef
</message>

<message code="xbrlgene:missingRoleRefForLinkRole"
         level="error"
         module="ValidateXbrlDTS.py" line="762"
         args="xlinkRole">
Generic link role %(xlinkRole)s is missing a roleRef
</message>

<message code="xbrlgene:missingRoleRefForResourceRole"
         level="error"
         module="ValidateXbrlDTS.py" line="766"
         args="xlinkRole">
Generic resource role %(xlinkRole)s is missing a roleRef
</message>

<message code="xbrlgene:nonAbsoluteArcRoleURI"
         level="error"
         module="ValidateXbrlDTS.py" line="800"
         args="element arcrole">
Generic arc arcrole %(arcrole)s is not absolute
</message>

<message code="xbrlgene:nonAbsoluteLinkRoleURI"
         level="error"
         module="ValidateXbrlDTS.py" line="748"
         args="xlinkRole">
Generic link role %(xlinkRole)s is not absolute
</message>

<message code="xbrlgene:nonAbsoluteResourceRoleURI"
         level="error"
         module="ValidateXbrlDTS.py" line="752"
         args="xlinkRole">
Generic resource role %(xlinkRole)s is not absolute
</message>

<message code="xbrlle.2.1.1:genericLabelTarget"
         level="error"
         module="ValidateXbrl.py" line="170"
         args="linkrole xlinkLabel">
Generic label arc in extended link %(linkrole)s to %(xlinkLabel)s must target a generic label
</message>

<message code="xbrlre.2.1.1:genericReferenceTarget"
         level="error"
         module="ValidateXbrl.py" line="177"
         args="linkrole xlinkLabel">
Generic reference arc in extended link %(linkrole)s to %(xlinkLabel)s must target a generic reference
</message>

<message code="xbrlte:aspectValueNotDefinedByOrdinate"
         level="error"
         module="RenderingEvaluator.py" line="107"
         args="xlinkLabel axis">
%(axis)s ordinate %(xlinkLabel)s does not define an aspect
</message>

<message code="xbrlte:axisAspectClash"
         level="error"
         module="RenderingEvaluator.py" line="89"
         args="axis xlinkLabel axisDisposition axisDisposition2 aspect">
%(axis)s ordinate %(xlinkLabel)s, aspect %(aspect)s defined on axes of disposition %(axisDisposition)s and %(axisDisposition2)s
</message>

<message code="xbrlte:axisAspectClash"
         level="error"
         module="ViewUtilRenderedGrid.py" line="306"
         args="aspect">
Aspect %(aspect)s covered by multiple axes.
</message>

<message code="xbrlte:axisAspectModelMismatch"
         level="error"
         module="RenderingEvaluator.py" line="82"
         args="axis xlinkLabel aspectModel aspect">
%(axis)s ordinate %(xlinkLabel)s, aspect model %(aspectModel)s, aspect %(aspect)s not allowed
</message>

<message code="xbrlte:axisAspectModelMismatch"
         level="error"
         module="RenderingEvaluator.py" line="99"
         args="xlinkLabel">
DimensionRelationship axis %(xlinkLabel)s can't be used in non-dimensional aspect model
</message>

<message code="xbrlte:axisAspectModelMismatch"
         level="error"
         module="ValidateFormula.py" line="986"
         args="xlinkLabel aspectModel undefinedAspects">
RuleAxis %(xlinkLabel)s aspect model, %(aspectModel)s, includes an rule for aspect not defined in this aspect model: %(undefinedAspects)s
</message>

<message code="xbrlte:axisFilterCoversNoAspects"
         level="error"
         module="ValidateFormula.py" line="961"
         args="xlinkLabel">
FilterAxis %(xlinkLabel)s does not cover any aspects.
</message>

<message code="xbrlte:unknownAspectModel"
         level="error"
         module="RenderingEvaluator.py" line="61"
         args="xlinkLabel aspectModel">
Table %(xlinkLabel)s, aspect model %(aspectModel)s not recognized
</message>

<message code="xbrlte:unknownAspectModel"
         level="error"
         module="ValidateFormula.py" line="526"
         args="xlinkLabel aspectModel">
Table %(xlinkLabel)s, aspect model %(aspectModel)s not recognized
</message>

<message code="xbrlvarinste:inputInstanceDuplication"
         level="error"
         module="ValidateFormula.py" line="265"
         args="instName uri">
Input instance resource %(instName)s has multiple XBRL instances %(uri)s
</message>

<message code="xbrlvarinste:instanceVariableRecursionCycle"
         level="error"
         module="ValidateFormula.py" line="561"
         args="name dependencies">
Cyclic dependencies of instance %(name)s produced by a formula, with variables consuming instances %(dependencies)s
</message>

<message code="xbrlvarinste:instanceVariableRecursionCycle"
         level="error"
         module="ValidateFormula.py" line="575"
         args="name">
Cyclic dependencies of instance %(name)s produced by its own variables
</message>

<message code="xbrlvarinste:standardInputInstanceNotUnique"
         level="error"
         module="ValidateFormula.py" line="271"
         args="">
Standard input instance resource parameter has multiple XBRL instances
</message>

<message code="xbrlvarscopee:conflictingAspectModels"
         level="error"
         module="ValidateFormula.py" line="630"
         args="xlinkLabel1 aspectModel1 xlinkLabel2 aspectModel2">
Variable set %(xlinkLabel1)s aspectModel (%(aspectModel1)s) differs from varaible set %(xlinkLabel2)s aspectModel (%(aspectModel2)s)
</message>

<message code="xbrlvarscopee:differentInstances"
         level="error"
         module="ValidateFormula.py" line="624"
         args="xlinkLabel1 instance1 xlinkLabel2 instance2">
Variable set %(xlinkLabel1)s in instance %(instance1)s has variables scope relationship to varaible set %(xlinkLabel2)s in instance %(instance2)s
</message>

<message code="xbrlve:cyclicDependencies"
         level="error"
         module="ValidateFormula.py" line="432"
         args="xlinkLabel nameFrom nameTo">
Cyclic dependencies in variable set %(xlinkLabel)s, from variable %(nameFrom)s to %(nameTo)s
</message>

<message code="xbrlve:duplicateVariableNames"
         level="error"
         module="ValidateFormula.py" line="354"
         args="xlinkLabel name">
Multiple variables named %(xlinkLabel)s in variable set %(name)s
</message>

<message code="xbrlve:factVariableReferenceNotAllowed"
         level="error"
         module="ValidateFormula.py" line="507"
         args="xlinkLabel filterLabel name">
Variable set %(xlinkLabel)s, filter %(filterLabel)s, cannot refer to variable %(name)s
</message>

<message code="xbrlve:fallbackValueVariableReferenceNotAllowed"
         level="error"
         module="ValidateFormula.py" line="395"
         args="xlinkLabel fallbackValue dependency">
Variable set %(xlinkLabel)s fallbackValue '%(fallbackValue)s' cannot refer to variable %(dependency)s
</message>

<message code="xbrlve:filterAspectModelMismatch"
         level="error"
         module="ValidateFormula.py" line="818"
         args="xlinkLabel aspectModel filterName filterLabel">
Variable set %(xlinkLabel)s, aspect model %(aspectModel)s filter %(filterName)s %(filterLabel)s can cover aspect not in aspect model
</message>

<message code="xbrlve:multipleTypedDimensionEqualityDefinitions"
         level="error"
         module="ValidateFormula.py" line="284"
         args="typedDomain equalityDefinition1 equalityDefinition2">
Multiple typed domain definitions from %(typedDomain)s to %(equalityDefinition1)s and %(equalityDefinition2)s
</message>

<message code="xbrlve:noCustomFunctionSignature"
         level="error"
         module="XPathParser.py" line="240"
         args="resource custFunction">
No custom function signature for %(custFunction)s in %(resource)s
</message>

<message code="xbrlve:noProhibitedNamespaceForCustomFunction"
         level="error"
         module="ValidateFormula.py" line="206"
         args="name namespace">
Custom function %(name)s has namespace reserved for functions in the function registry %(namespace)s
</message>

<message code="xbrlve:parameterCyclicDependencies"
         level="error"
         module="ValidateFormula.py" line="197"
         args="name dependencies">
Cyclic dependencies in parameter %(name)s, to names %(dependencies)s
</message>

<message code="xbrlve:parameterNameClash"
         level="error"
         module="ModelFormulaObject.py" line="606"
         args="name">
Parameter name used on multiple parameters %(name)s
</message>

<message code="xbrlve:unknownAspectModel"
         level="error"
         module="ValidateFormula.py" line="335"
         args="xlinkLabel aspectModel">
Variable set %(xlinkLabel)s, aspect model %(aspectModel)s not recognized
</message>

<message code="xbrlve:unresolvedDependency"
         level="error"
         module="ValidateFormula.py" line="192"
         args="name dependencies">
Undefined dependencies in parameter %(name)s, to names %(dependencies)s
</message>

<message code="xbrlve:unresolvedDependency"
         level="error"
         module="ValidateFormula.py" line="427"
         args="xlinkLabel nameFrom nameTo">
Undefined variable dependencies in variable set %(xlinkLabel)s, from variable %(nameFrom)s to %(nameTo)s
</message>

<message code="xbrlve:unresolvedDependency"
         level="error"
         module="ValidateFormula.py" line="440"
         args="xlinkLabel name">
Undefined variable dependency in variable set %(xlinkLabel)s, %(name)s
</message>

<message code="xbrlve:variableNameResolutionFailure"
         level="error"
         module="ValidateFormula.py" line="371"
         args="xlinkLabel name">
Variables name %(name)s cannot be determined on arc from %(xlinkLabel)s
</message>

<message code="xffe:invalidFunctionUse"
         level="error"
         module="XPathParser.py" line="121"
         args="name name2">
Function %(name)s cannot be used on an XPath expression associated with a %(name2)s
</message>

<message code="xfie:invalidExplicitDimensionQName"
         level="error"
         module="ModelFormulaObject.py" line="1960"
         args="dimension">
%(dimension)s is not an explicit dimension concept QName.
</message>

<message code="xfie:invalidExplicitDimensionQName"
         level="error"
         module="ModelFormulaObject.py" line="2002"
         args="dimension">
%(dimension)s is not an explicit dimension concept QName.
</message>

<message code="xhmlDTD:elementUnexpected"
         level="error"
         module="XmlValidate.py" line="66"
         args="element error">
%(element)s error %(error)s
</message>

<message code="xlink:actuate"
         level="error"
         module="ValidateXbrl.py" line="121"
         args="linkrole xlinkActuate">
Actuate %(xlinkActuate)s invalid in extended link %(linkrole)s
</message>

<message code="xlink:dupArcs"
         level="error"
         module="ValidateXbrl.py" line="98"
         args="linkrole xlinkLabelFrom xlinkLabelTo">
Duplicate xlink arcs  in extended link %(linkrole)s from %(xlinkLabelFrom)s to %(xlinkLabelTo)s
</message>

<message code="xlink:locatorHref"
         level="error"
         module="ValidateXbrl.py" line="84"
         args="linkrole xlinkLabel">
Xlink locator %(xlinkLabel)s missing href in extended link %(linkrole)s
</message>

<message code="xlink:show"
         level="error"
         module="ValidateXbrl.py" line="127"
         args="linkrole xlinkShow">
Show %(xlinkShow)s invalid in extended link %(linkrole)s
</message>

<message code="xlink:type"
         level="error"
         module="ValidateXbrl.py" line="115"
         args="linkrole xlinkType">
Xlink type %(xlinkType)s invalid in extended link %(linkrole)s
</message>

<message code="xmlDTD:error"
         level="error"
         module="XmlValidate.py" line="71"
         args="element error">
%(element)s error %(error)s
</message>

<message code="xmlSchema1.4.2.3:refSchemaNamespace"
         level="error"
         module="ModelDocument.py" line="561"
         args="fileName namespace targetNamespace">
Discovery of %(fileName)s expected namespace %(namespace)s found targetNamespace %(targetNamespace)s
</message>

<message code="xmlSchema:attributesRequired"
         level="error"
         module="XmlValidate.py" line="181"
         args="element typeName attributes">
Element %(element)s type %(typeName)s missing required attributes: %(attributes)s
</message>

<message code="xmlSchema:nilElementHasContent"
         level="error"
         module="XmlValidate.py" line="199"
         args="element">
Element %(element)s is nil but has contents
</message>

<message code="xmlSchema:requiredAttribute"
         level="error"
         module="ModelDocument.py" line="718"
         args="linkbaseRefElement">
Linkbase reference for %(linkbaseRefElement)s href attribute missing or malformed
</message>

<message code="xmlSchema:requiredAttribute"
         level="error"
         module="ModelDocument.py" line="751"
         args="modelObejct">
Locator href attribute missing or malformed in standard extended link
</message>

<message code="xmlSchema:syntax"
         level="error"
         module="ModelDocument.py" line="104"
         args="fileName error line column sourceAction">
%(error)s, %(fileName)s, line %(line)s, column %(column)s, %(sourceAction)s source element
</message>

<message code="xmlSchema:syntax"
         level="error"
         module="ModelDocument.py" line="133"
         args="fileName error sourceAction">
Unrecoverable error: %(error)s, %(fileName)s, %(sourceAction)s source element
</message>

<message code="xmlSchema:uniqueParticleAttribution"
         level="error"
         module="XmlValidateParticles.py" line="123"
         args="compositor element">
Particles of %(compositor)s have non-unique attribution of element %(element)s
</message>

<message code="xmlSchema:uniqueParticleAttribution"
         level="error"
         module="XmlValidateParticles.py" line="136"
         args="compositor element">
Particle of %(compositor)s has non-unique xs:any preceding element %(element)s
</message>

<message code="xmlSchema:uniqueParticleAttribution"
         level="error"
         module="XmlValidateParticles.py" line="142"
         args="compositor">
Particles of %(compositor)s have non-unique xs:any particle
</message>

<message code="xmlSchema:valueError"
         level="error"
         module="XmlValidate.py" line="352"
         args="element attribute typeName value error">
Element %(element)s attribute %(attribute)s type %(typeName)s value error: %(value)s, %(error)s
</message>

<message code="xmlSchema:valueError"
         level="error"
         module="XmlValidate.py" line="361"
         args="element typeName value error">
Element %(element)s type %(typeName)s value error: %(value)s, %(error)s
</message>

<message code="xmlValidation:valueError"
         level="error"
         module="XmlValidate.py" line="95"
         args="element error value">
Element %(element)s error %(error)s value: %(value)s
</message>

<message code="xmlschema.3.4.2:contentModel"
         level="error"
         module="ValidateXbrlDTS.py" line="521"
         args="element">
Element %(element)s is mis-located in schema file
</message>

<message code="xmlschema2.3.2.10:idDuplicated"
         level="error"
         module="ValidateXbrlDTS.py" line="328"
         args="element attribute value">
Element %(element)s id %(value)s is duplicated
</message>

<message code="xmlschema:refNotFound"
         level="error"
         module="ValidateXbrlDTS.py" line="474"
         args="element ref">
%(element)s ref %(ref)s not found
</message>

</messages>